<?xml version="1.0" encoding="UTF-8"?>
<!-- Generated by org.testng.reporters.JUnitXMLReporter -->
<testsuite ignored="0" hostname="LAPTOP-SBTGQ5S3" failures="0" tests="13" name="Functional Tests" time="3.478" errors="0" timestamp="2026-02-28T23:02:54 EST">
  <testcase classname="com.moviedb.tests.movies.MovieFunctionalTests" name="givenAuthorizedUser_whenRequestingAllMovieDetails_thenReturnsList" time="0.319"/>
  <testcase classname="com.moviedb.tests.movies.MovieFunctionalTests" name="givenValidMovieDetailsViaPOJO_whenCreatingMovie_thenStatusIs201" time="0.423"/>
  <testcase classname="com.moviedb.tests.movies.MovieFunctionalTests" name="givenValidMovieDetails_whenCreatingMovie_thenStatusIs201" time="0.048"/>
  <testcase classname="com.moviedb.tests.movies.MovieFunctionalTests" name="givenValidMovieIdUsingPOJO_whenUpdatingMovie_thenStatusIs200" time="0.028"/>
  <testcase classname="com.moviedb.tests.movies.MovieFunctionalTests" name="givenValidMovieId_whenDeletingMovie_thenStatusIs200" time="0.018"/>
  <testcase classname="com.moviedb.tests.movies.MovieFunctionalTests" name="givenValidMovieId_whenRequestingMovieInfo_thenStatusIs200" time="0.141"/>
  <testcase classname="com.moviedb.tests.movies.MovieFunctionalTests" name="givenValidMovieId_whenUpdatingMovie_thenStatusIs200" time="0.041"/>
  <testcase classname="com.moviedb.tests.health.HealthTests" name="givenAllAPIsAreUp_whenHealthCheckIsPerformed_thenReturn200" time="0.024"/>
  <testcase classname="com.moviedb.tests.movies.MovieNegativeTests" name="givenInvalidMovieDetails_whenCreatingMovie_thenStatusIs400" time="0.018"/>
  <testcase classname="com.moviedb.tests.movies.MovieNegativeTests" name="givenInvalidMovieId_whenDeletingMovie_thenStatusIs404" time="0.015"/>
  <testcase classname="com.moviedb.tests.movies.MovieNegativeTests" name="givenInvalidMovieId_whenRequestingMovieInfo_thenStatusIs404" time="0.042"/>
  <testcase classname="com.moviedb.tests.movies.MovieNegativeTests" name="givenInvalidToken_whenRequestingMovies_thenReturns401" time="0.017"/>
  <testcase classname="com.moviedb.tests.movies.MovieNegativeTests" name="givenNoToken_whenRequestingMovies_thenReturns401" time="0.012"/>
</testsuite> <!-- Functional Tests -->
