<?xml version="1.0" encoding="UTF-8"?>
<!-- Generated by org.testng.reporters.JUnitXMLReporter -->
<testsuite ignored="0" hostname="LAPTOP-SBTGQ5S3" failures="0" tests="17" name="Movie related tests" time="1.919" errors="0" timestamp="2026-03-07T07:19:46 EST">
  <testcase classname="com.moviedb.tests.movies.MovieCrudTests" name="shouldBeAbleToCreateAMovie" time="1.146"/>
  <testcase classname="com.moviedb.tests.movies.MovieCrudTests" name="shouldBeAbleToDeleteAMovie" time="1.201"/>
  <testcase classname="com.moviedb.tests.movies.MovieCrudTests" name="shouldBeAbleToCreateMultipleMoviesInASingleRequest" time="1.227"/>
  <testcase classname="com.moviedb.tests.movies.MovieCrudTests" name="shouldBeAbleToUpdateAMovie" time="0.201"/>
  <testcase classname="com.moviedb.tests.movies.MovieCrudTests" name="shouldBeAbleToPatchUpdateAMovieTitleSuccessfully" time="0.246"/>
  <testcase classname="com.moviedb.tests.movies.MovieNegativeTests" name="givenInvalidMovieDetails_whenCreatingMovie_thenStatusIs404" time="0.069"/>
  <testcase classname="com.moviedb.tests.movies.MovieNegativeTests" name="givenInvalidMovieId_whenDeletingMovie_thenStatusIs404" time="0.061"/>
  <testcase classname="com.moviedb.tests.movies.MovieNegativeTests" name="givenInvalidToken_whenRequestingMovies_thenReturns401" time="0.039"/>
  <testcase classname="com.moviedb.tests.movies.MovieNegativeTests" name="givenNoToken_whenRequestingMovies_thenReturns401" time="0.018"/>
  <testcase classname="com.moviedb.tests.movies.MovieNegativeTests" name="givenInvalidMovieId_whenRequestingMovieInfo_thenStatusIs404" time="0.136"/>
  <testcase classname="com.moviedb.tests.movies.MovieNegativeTests" name="patchUpdateMovieTitleFailure" time="0.059"/>
  <testcase classname="com.moviedb.tests.movies.MovieRetrievalTests" name="listMoviesWithDefaultPagination" time="0.05"/>
  <testcase classname="com.moviedb.tests.movies.MovieRetrievalTests" name="listMoviesWithPagination" time="0.053"/>
  <testcase classname="com.moviedb.tests.movies.MovieRetrievalTests" name="searchByMovieIdReturnsSingleExactMatch" time="0.034"/>
  <testcase classname="com.moviedb.tests.movies.MovieRetrievalTests" name="searchByMovieTitleReturnsSingleExactMatch" time="0.07"/>
  <testcase classname="com.moviedb.tests.movies.MovieRetrievalTests" name="searchByMovieTitleReturnsAllPartialTitleMatchingMovies" time="0.082"/>
  <testcase classname="com.moviedb.tests.movies.MovieCrudTests" name="shouldBeAbleToUploadMoviePosterSuccessfully" time="0.54"/>
</testsuite> <!-- Movie related tests -->
