<?xml version="1.0" encoding="UTF-8"?>
<!-- Generated by org.testng.reporters.JUnitXMLReporter -->
<testsuite ignored="0" hostname="LAPTOP-SBTGQ5S3" failures="0" tests="17" name="Movie related tests" time="2.498" errors="0" timestamp="2026-03-06T08:27:20 EST">
  <testcase classname="com.moviedb.tests.movies.MovieCrudTests" name="shouldBeAbleToCreateAMovie" time="1.006"/>
  <testcase classname="com.moviedb.tests.movies.MovieCrudTests" name="shouldBeAbleToDeleteAMovie" time="1.981"/>
  <testcase classname="com.moviedb.tests.movies.MovieCrudTests" name="shouldBeAbleToCreateMultipleMoviesInASingleRequest" time="2.022"/>
  <testcase classname="com.moviedb.tests.movies.MovieCrudTests" name="shouldBeAbleToUpdateAMovie" time="0.134"/>
  <testcase classname="com.moviedb.tests.movies.MovieCrudTests" name="shouldBeAbleToPatchUpdateAMovieTitleSuccessfully" time="0.137"/>
  <testcase classname="com.moviedb.tests.movies.MovieNegativeTests" name="givenInvalidMovieId_whenDeletingMovie_thenStatusIs404" time="0.039"/>
  <testcase classname="com.moviedb.tests.movies.MovieNegativeTests" name="givenInvalidMovieDetails_whenCreatingMovie_thenStatusIs404" time="0.045"/>
  <testcase classname="com.moviedb.tests.movies.MovieNegativeTests" name="givenInvalidToken_whenRequestingMovies_thenReturns401" time="0.03"/>
  <testcase classname="com.moviedb.tests.movies.MovieNegativeTests" name="givenNoToken_whenRequestingMovies_thenReturns401" time="0.017"/>
  <testcase classname="com.moviedb.tests.movies.MovieNegativeTests" name="patchUpdateMovieTitleFailure" time="0.044"/>
  <testcase classname="com.moviedb.tests.movies.MovieNegativeTests" name="givenInvalidMovieId_whenRequestingMovieInfo_thenStatusIs404" time="0.099"/>
  <testcase classname="com.moviedb.tests.movies.MovieRetrievalTests" name="listMoviesWithDefaultPagination" time="0.035"/>
  <testcase classname="com.moviedb.tests.movies.MovieRetrievalTests" name="listMoviesWithPagination" time="0.034"/>
  <testcase classname="com.moviedb.tests.movies.MovieRetrievalTests" name="searchByMovieIdReturnsSingleExactMatch" time="0.024"/>
  <testcase classname="com.moviedb.tests.movies.MovieRetrievalTests" name="searchByMovieTitleReturnsAllPartialTitleMatchingMovies" time="0.044"/>
  <testcase classname="com.moviedb.tests.movies.MovieRetrievalTests" name="searchByMovieTitleReturnsSingleExactMatch" time="0.021"/>
  <testcase classname="com.moviedb.tests.movies.MovieCrudTests" name="shouldBeAbleToUploadMoviePosterSuccessfully" time="0.333"/>
</testsuite> <!-- Movie related tests -->
