<?xml version="1.0" encoding="UTF-8"?>
<!-- Generated by org.testng.reporters.JUnitXMLReporter -->
<testsuite ignored="0" hostname="LAPTOP-SBTGQ5S3" failures="0" tests="4" name="Default test" time="2.918" errors="0" timestamp="2026-03-04T07:44:43 EST">
  <testcase classname="com.moviedb.tests.movies.MovieCrudTests" name="givenValidMovieDetails_whenCreatingMovie_thenStatusIs201" time="2.663"/>
  <testcase classname="com.moviedb.tests.movies.MovieCrudTests" name="givenValidMovieId_whenUpdatingMovie_thenStatusIs200" time="0.067"/>
  <testcase classname="com.moviedb.tests.movies.MovieCrudTests" name="patchUpdateMovieTitleSuccessfully" time="0.071"/>
  <testcase classname="com.moviedb.tests.movies.MovieCrudTests" name="givenValidMovieId_whenDeletingMovie_thenStatusIs200" time="0.029"/>
</testsuite> <!-- Default test -->
