<?xml version="1.0" encoding="UTF-8"?>
<!-- Generated by org.testng.reporters.JUnitXMLReporter -->
<testsuite ignored="0" hostname="LAPTOP-SBTGQ5S3" failures="0" tests="6" name="Default test" time="8.317" errors="0" timestamp="2026-03-05T20:30:34 EST">
  <testcase classname="com.moviedb.tests.movies.MovieCrudTests" name="shouldBeAbleToCreateAMovie" time="6.75"/>
  <testcase classname="com.moviedb.tests.movies.MovieCrudTests" name="shouldBeAbleToCreateMultipleMoviesInASingleRequest" time="0.424"/>
  <testcase classname="com.moviedb.tests.movies.MovieCrudTests" name="shouldBeAbleToUpdateAMovie" time="0.129"/>
  <testcase classname="com.moviedb.tests.movies.MovieCrudTests" name="shouldBeAbleToPatchUpdateAMovieTitleSuccessfully" time="0.163"/>
  <testcase classname="com.moviedb.tests.movies.MovieCrudTests" name="shouldBeAbleToUploadMoviePosterSuccessfully" time="0.458"/>
  <testcase classname="com.moviedb.tests.movies.MovieCrudTests" name="shouldBeAbleToDeleteAMovie" time="0.113"/>
</testsuite> <!-- Default test -->
