<?xml version="1.0" encoding="UTF-8"?>
<testsuite xmlns:xsi="http://www.w3.org/2001/XMLSchema-instance" xsi:noNamespaceSchemaLocation="https://maven.apache.org/surefire/maven-surefire-plugin/xsd/surefire-test-report-3.0.xsd" version="3.0" name="TestSuite" time="9.449" tests="18" errors="0" skipped="0" failures="0">
  <properties>
[...]
</properties>
  <testcase name="shouldBeAbleToCreateAMovie" classname="com.moviedb.tests.movies.MovieCrudTests" time="1.638">
    <system-out><![CDATA[18:38:18.077 [main] &amp#27;[36mDEBUG&amp#27;[m [] (org.testng.TestNG: 82) - suiteXmlPath: "D:\Learnings\RestAssured\MovieDatabase\testng.xml"
[INFO] Step 1: Resetting DB for Regression
18:38:18.658 [main] &amp#27;[32mINFO &amp#27;[m [] (com.moviedb.tests.system.DatabaseCleanUp: 21) - Step 1: Resetting DB for Regression
--- Global Setup: Resetting DB for Regression ---
[AUTH] Token missing/expired. Generating new session...
Request method:	POST
Request URI:	http://localhost:4000/auth/login
Proxy:			<none>
Request params:	<none>
Query params:	<none>
Form params:	<none>
Path params:	<none>
Headers:		Accept=*/*
				Content-Type=application/json
Cookies:		<none>
Multiparts:		<none>
Body:
{
    "username": "admin",
    "password": "admin"
}
[AUTH] New Token Generated. Expires at: 2026-03-08T23:38:19Z
Request method:	DELETE
Request URI:	http://localhost:4000/internal/reset
Proxy:			<none>
Request params:	<none>
Query params:	<none>
Form params:	<none>
Path params:	<none>
Headers:		Authorization=Bearer eyJhbGciOiJIUzI1NiIsInR5cCI6IkpXVCJ9.eyJ1c2VybmFtZSI6ImFkbWluIiwicm9sZSI6ImFkbWluIiwiaWF0IjoxNzcyOTI2Njk5LCJleHAiOjE3NzMwMTMwOTl9.IEUOfxUehs-ZTJh87t-lDGFCNTVwy5EneeatHZcbfNs
				Accept=*/*
				Content-Type=application/json
Cookies:		<none>
Multiparts:		<none>
Body:			<none>
[INFO] Step 2: Validating API response
18:38:20.609 [main] &amp#27;[32mINFO &amp#27;[m [] (com.moviedb.tests.system.DatabaseCleanUp: 27) - Step 2: Validating API response
HTTP/1.1 200 OK
X-Powered-By: Express
Access-Control-Allow-Origin: *
Content-Type: application/json; charset=utf-8
Content-Length: 109
ETag: W/"6d-5/bSeZ4AQ8RN1/ab4zQJIPKV4W0"
Date: Sat, 07 Mar 2026 23:38:20 GMT
Connection: keep-alive
Keep-Alive: timeout=5

{
    "message": "Database reset successfully. 10 seed movies re-inserted.",
    "timestamp": "2026-03-07T23:38:20.601Z"
}
18:38:20.729 [TestNG-test-Movie related tests-1] &amp#27;[32mINFO &amp#27;[m [shouldBeAbleToCreateAMovie] (com.moviedb.tests.movies.MovieCrudTests: 34) - Step 1: Creating a default movie
18:38:20.740 [TestNG-test-Movie related tests-2] &amp#27;[32mINFO &amp#27;[m [shouldBeAbleToCreateMultipleMoviesInASingleRequest] (com.moviedb.tests.movies.MovieCrudTests: 71) - Step 1: Creating movies
18:38:20.740 [TestNG-test-Movie related tests-3] &amp#27;[32mINFO &amp#27;[m [shouldBeAbleToDeleteAMovie] (com.moviedb.tests.movies.MovieCrudTests: 215) - Step 1: Creating a default movie
Request method:	POST
Request URI:	http://localhost:4000/movies
Proxy:			<none>
Request params:	<none>
Query params:	<none>
Form params:	<none>
Path params:	<none>
Headers:		Authorization=Bearer eyJhbGciOiJIUzI1NiIsInR5cCI6IkpXVCJ9.eyJ1c2VybmFtZSI6ImFkbWluIiwicm9sZSI6ImFkbWluIiwiaWF0IjoxNzcyOTI2Njk5LCJleHAiOjE3NzMwMTMwOTl9.IEUOfxUehs-ZTJh87t-lDGFCNTVwy5EneeatHZcbfNs
				Accept=*/*
				Content-Type=application/json
Cookies:		<none>
Multiparts:		<none>
Body:
{
    "title": "This Side of Paradise",
    "crew": {
        "director": "Vettriano",
        "musicDirector": "Caravaggio",
        "productionCompany": "Luettgen, Emmerich and Reilly"
    },
    "cast": [
        {
            "actorName": "Donatello",
            "role": "Da Vinci",
            "awards": [
                "College",
                "University"
            ]
        },
        {
            "actorName": "Caravaggio",
            "role": "Caravaggio",
            "awards": [
                "Institute"
            ]
        },
        {
            "actorName": "Rembrandt",
            "role": "Manet",
            "awards": [
                "Academy"
            ]
        }
    ],
    "genres": [
        "Textbook",
        "Mythology",
        "Suspense/Thriller"
    ],
    "releaseDetails": {
        "language": "Burkina Faso",
        "country": "Guinea-Bissau"
    },
    "finance": {
        "budget": 45400000,
        "boxOffice": 25780000,
        "profit": 39240000,
        "currency": "Ouguiya"
    }
}
Request method:	POST
Request URI:	http://localhost:4000/movies
Proxy:			<none>
Request params:	<none>
Query params:	<none>
Form params:	<none>
Path params:	<none>
Headers:		Authorization=Bearer eyJhbGciOiJIUzI1NiIsInR5cCI6IkpXVCJ9.eyJ1c2VybmFtZSI6ImFkbWluIiwicm9sZSI6ImFkbWluIiwiaWF0IjoxNzcyOTI2Njk5LCJleHAiOjE3NzMwMTMwOTl9.IEUOfxUehs-ZTJh87t-lDGFCNTVwy5EneeatHZcbfNs
				Accept=*/*
				Content-Type=application/json
Cookies:		<none>
Multiparts:		<none>
Body:
{
    "title": "By Grand Central Station I Sat Down and Wept",
    "crew": {
        "director": "Pollock",
        "musicDirector": "Vettriano",
        "productionCompany": "Stroman-Koelpin"
    },
    "cast": [
        {
            "actorName": "Chagall",
            "role": "Joan Miro",
            "awards": [
                "Academy",
                "Institute"
            ]
        },
        {
            "actorName": "Donatello",
            "role": "Munch",
            "awards": [
                "College"
            ]
        },
        {
            "actorName": "Klimt",
            "role": "Rothko",
            "awards": [
                "Academy"
            ]
        }
    ],
    "genres": [
        "Metafiction",
        "Folklore",
        "Suspense/Thriller"
    ],
    "releaseDetails": {
        "language": "Monaco",
        "country": "Sudan"
    },
    "finance": {
        "budget": 11010000,
        "boxOffice": 41280000,
        "profit": 39460000,
        "currency": "CFA Franc BEAC"
    }
}
Request method:	POST
Request URI:	http://localhost:4000/movies/bulk
Proxy:			<none>
Request params:	<none>
Query params:	<none>
Form params:	<none>
Path params:	<none>
Headers:		Authorization=Bearer eyJhbGciOiJIUzI1NiIsInR5cCI6IkpXVCJ9.eyJ1c2VybmFtZSI6ImFkbWluIiwicm9sZSI6ImFkbWluIiwiaWF0IjoxNzcyOTI2Njk5LCJleHAiOjE3NzMwMTMwOTl9.IEUOfxUehs-ZTJh87t-lDGFCNTVwy5EneeatHZcbfNs
				Accept=*/*
				Content-Type=application/json
Cookies:		<none>
Multiparts:		<none>
Body:
[
    {
        "title": "By Grand Central Station I Sat Down and Wept",
        "crew": {
            "director": "Manet",
            "musicDirector": "Vettriano",
            "productionCompany": "Steuber-Mueller"
        },
        "cast": [
            {
                "actorName": "Ansel Adams",
                "role": "Raphael",
                "awards": [
                    "Academy",
                    "University"
                ]
            },
            {
                "actorName": "Cezanne",
                "role": "Rembrandt",
                "awards": [
                    "College"
                ]
            },
            {
                "actorName": "Manet",
                "role": "Seurat",
                "awards": [
                    "Institute"
                ]
            }
        ],
        "genres": [
            "Crime/Detective",
            "Western",
            "Reference book"
        ],
        "releaseDetails": {
            "language": "Gabon",
            "country": "Dominica"
        },
        "finance": {
            "budget": 41740000,
            "boxOffice": 27470000,
            "profit": 11070000,
            "currency": "Australian Dollar"
        }
    },
    {
        "title": "A Swiftly Tilting Planet",
        "crew": {
            "director": "Manet",
            "musicDirector": "Escher",
            "productionCompany": "Strosin Inc"
        },
        "cast": [
            {
                "actorName": "Chagall",
                "role": "Warhol",
                "awards": [
                    "University",
                    "University"
                ]
            },
            {
                "actorName": "Diego Rivera",
                "role": "Michelangelo",
                "awards": [
                    "University"
                ]
            },
            {
                "actorName": "Titian",
                "role": "Seurat",
                "awards": [
                    "University"
                ]
            }
        ],
        "genres": [
            "Western",
            "Folklore",
            "Horror"
        ],
        "releaseDetails": {
            "language": "Romania",
            "country": "Haiti"
        },
        "finance": {
            "budget": 24960000,
            "boxOffice": 80860000,
            "profit": 63030000,
            "currency": "Tugrik"
        }
    },
    {
        "title": "The Golden Apples of the Sun",
        "crew": {
            "director": "Ansel Adams",
            "musicDirector": "Pollock",
            "productionCompany": "Little-Johns"
        },
        "cast": [
            {
                "actorName": "Kandinsky",
                "role": "Edward Hopper",
                "awards": [
                    "College",
                    "College"
                ]
            },
            {
                "actorName": "Seurat",
                "role": "Durer",
                "awards": [
                    "Institute"
                ]
            },
            {
                "actorName": "Paul Klee",
                "role": "Gauguin",
                "awards": [
                    "Academy"
                ]
            }
        ],
        "genres": [
            "Narrative nonfiction",
            "Humor",
            "Reference book"
        ],
        "releaseDetails": {
            "language": "Nepal",
            "country": "Turkmenistan"
        },
        "finance": {
            "budget": 69680000,
            "boxOffice": 20390000,
            "profit": 75170000,
            "currency": "Norwegian Krone"
        }
    }
]
18:38:21.426 [TestNG-test-Movie related tests-1] &amp#27;[32mINFO &amp#27;[m [shouldBeAbleToCreateAMovie] (com.moviedb.tests.movies.MovieCrudTests: 40) - Step 2: Performing assertion on the API response
HTTP/1.1 201 Created
X-Powered-By: Express
Access-Control-Allow-Origin: *
Content-Type: application/json; charset=utf-8
Content-Length: 576
ETag: W/"240-qv5euUVoKquNEDeLofcj6YG4Zl0"
Date: Sat, 07 Mar 2026 23:38:21 GMT
Connection: keep-alive
Keep-Alive: timeout=5

{
    "id": 12,
    "title": "By Grand Central Station I Sat Down and Wept",
    "crew": {
        "director": "Pollock",
        "musicDirector": "Vettriano",
        "productionCompany": "Stroman-Koelpin"
    },
    "cast": [
        {
            "actorName": "Chagall",
            "role": "Joan Miro",
            "awards": [
                "Academy",
                "Institute"
            ]
        },
        {
            "actorName": "Donatello",
            "role": "Munch",
            "awards": [
                "College"
            ]
        },
        {
            "actorName": "Klimt",
            "role": "Rothko",
            "awards": [
                "Academy"
            ]
        }
    ],
    "genres": [
        "Metafiction",
        "Folklore",
        "Suspense/Thriller"
    ],
    "releaseDetails": {
        "language": "Monaco",
        "country": "Sudan"
    },
    "finance": {
        "budget": 11010000,
        "boxOffice": 41280000,
        "profit": 39460000,
        "currency": "CFA Franc BEAC"
    }
}
18:38:21.430 [TestNG-test-Movie related tests-2] &amp#27;[32mINFO &amp#27;[m [shouldBeAbleToCreateMultipleMoviesInASingleRequest] (com.moviedb.tests.movies.MovieCrudTests: 81) - Step 2: Performing assertion on the API response
HTTP/1.1 201 Created
X-Powered-By: Express
Access-Control-Allow-Origin: *
Content-Type: application/json; charset=utf-8
Content-Length: 1732
ETag: W/"6c4-fB2LJm8lK2tYZup6OnklBBavuF4"
Date: Sat, 07 Mar 2026 23:38:21 GMT
Connection: keep-alive
Keep-Alive: timeout=5

{
    "inserted": 3,
    "data": [
        {
            "id": 13,
            "title": "By Grand Central Station I Sat Down and Wept",
            "crew": {
                "director": "Manet",
                "musicDirector": "Vettriano",
                "productionCompany": "Steuber-Mueller"
            },
            "cast": [
                {
                    "actorName": "Ansel Adams",
                    "role": "Raphael",
                    "awards": [
                        "Academy",
                        "University"
                    ]
                },
                {
                    "actorName": "Cezanne",
                    "role": "Rembrandt",
                    "awards": [
                        "College"
                    ]
                },
                {
                    "actorName": "Manet",
                    "role": "Seurat",
                    "awards": [
                        "Institute"
                    ]
                }
            ],
            "genres": [
                "Crime/Detective",
                "Western",
                "Reference book"
            ],
            "releaseDetails": {
                "language": "Gabon",
                "country": "Dominica"
            },
            "finance": {
                "budget": 41740000,
                "boxOffice": 27470000,
                "profit": 11070000,
                "currency": "Australian Dollar"
            }
        },
        {
            "id": 14,
            "title": "A Swiftly Tilting Planet",
            "crew": {
                "director": "Manet",
                "musicDirector": "Escher",
                "productionCompany": "Strosin Inc"
            },
            "cast": [
                {
                    "actorName": "Chagall",
                    "role": "Warhol",
                    "awards": [
                        "University",
                        "University"
                    ]
                },
                {
                    "actorName": "Diego Rivera",
                    "role": "Michelangelo",
                    "awards": [
                        "University"
                    ]
                },
                {
                    "actorName": "Titian",
                    "role": "Seurat",
                    "awards": [
                        "University"
                    ]
                }
            ],
            "genres": [
                "Western",
                "Folklore",
                "Horror"
            ],
            "releaseDetails": {
                "language": "Romania",
                "country": "Haiti"
            },
            "finance": {
                "budget": 24960000,
                "boxOffice": 80860000,
                "profit": 63030000,
                "currency": "Tugrik"
            }
        },
        {
            "id": 15,
            "title": "The Golden Apples of the Sun",
            "crew": {
                "director": "Ansel Adams",
                "musicDirector": "Pollock",
                "productionCompany": "Little-Johns"
            },
            "cast": [
                {
                    "actorName": "Kandinsky",
                    "role": "Edward Hopper",
                    "awards": [
                        "College",
                        "College"
                    ]
                },
                {
                    "actorName": "Seurat",
                    "role": "Durer",
                    "awards": [
                        "Institute"
                    ]
                },
                {
                    "actorName": "Paul Klee",
                    "role": "Gauguin",
                    "awards": [
                        "Academy"
                    ]
                }
            ],
            "genres": [
                "Narrative nonfiction",
                "Humor",
                "Reference book"
            ],
            "releaseDetails": {
                "language": "Nepal",
                "country": "Turkmenistan"
            },
            "finance": {
                "budget": 69680000,
                "boxOffice": 20390000,
                "profit": 75170000,
                "currency": "Norwegian Krone"
            }
        }
    ]
}
18:38:21.465 [TestNG-test-Movie related tests-2] &amp#27;[32mINFO &amp#27;[m [shouldBeAbleToCreateMultipleMoviesInASingleRequest] (com.moviedb.tests.movies.MovieCrudTests: 89) - Step 3: Adding movieIds to cleanUp list"
18:38:21.477 [TestNG-test-Movie related tests-1] &amp#27;[32mINFO &amp#27;[m [shouldBeAbleToCreateAMovie] (com.moviedb.tests.movies.MovieCrudTests: 51) - Step 3: Adding movieIds to cleanUp list
18:38:21.477 [TestNG-test-Movie related tests-1] &amp#27;[32mINFO &amp#27;[m [shouldBeAbleToCreateAMovie] (com.moviedb.tests.movies.MovieCrudTests: 58) - Step 4: Id of the newly created movie is: 12
Id of the newly created movie is: 12
]]></system-out>
  </testcase>
  <testcase name="shouldBeAbleToDeleteAMovie" classname="com.moviedb.tests.movies.MovieCrudTests" time="0.016">
    <system-out><![CDATA[Request method:	DELETE
Request URI:	http://localhost:4000/movies/11
Proxy:			<none>
Request params:	<none>
Query params:	<none>
Form params:	<none>
Path params:	id=11
Headers:		Authorization=Bearer eyJhbGciOiJIUzI1NiIsInR5cCI6IkpXVCJ9.eyJ1c2VybmFtZSI6ImFkbWluIiwicm9sZSI6ImFkbWluIiwiaWF0IjoxNzcyOTI2Njk5LCJleHAiOjE3NzMwMTMwOTl9.IEUOfxUehs-ZTJh87t-lDGFCNTVwy5EneeatHZcbfNs
				Accept=*/*
				Content-Type=application/json
Cookies:		<none>
Multiparts:		<none>
Body:			<none>
Request method:	DELETE
Request URI:	http://localhost:4000/movies/12
Proxy:			<none>
Request params:	<none>
Query params:	<none>
Form params:	<none>
Path params:	id=12
Headers:		Authorization=Bearer eyJhbGciOiJIUzI1NiIsInR5cCI6IkpXVCJ9.eyJ1c2VybmFtZSI6ImFkbWluIiwicm9sZSI6ImFkbWluIiwiaWF0IjoxNzcyOTI2Njk5LCJleHAiOjE3NzMwMTMwOTl9.IEUOfxUehs-ZTJh87t-lDGFCNTVwy5EneeatHZcbfNs
				Accept=*/*
				Content-Type=application/json
Cookies:		<none>
Multiparts:		<none>
Body:			<none>
18:38:21.510 [TestNG-test-Movie related tests-3] &amp#27;[32mINFO &amp#27;[m [shouldBeAbleToDeleteAMovie] (com.moviedb.tests.movies.MovieCrudTests: 223) - Step 2: Performing assertion on the API response
HTTP/1.1 200 OK
X-Powered-By: Express
Access-Control-Allow-Origin: *
Content-Type: application/json; charset=utf-8
Content-Length: 51
ETag: W/"33-QlbnHJ/lbQJnrvHQMzzdhFiiUd4"
Date: Sat, 07 Mar 2026 23:38:21 GMT
Connection: keep-alive
Keep-Alive: timeout=5

{
    "message": "Movie with id 11 deleted successfully"
}
18:38:21.513 [TestNG-test-Movie related tests-1] &amp#27;[32mINFO &amp#27;[m [] (com.moviedb.tests.movies.MovieCrudTests: 239) - In CleanUp > Cleaned up Movie ID: 12
Cleaned up Movie ID: 12
18:38:21.513 [TestNG-test-Movie related tests-1] &amp#27;[32mINFO &amp#27;[m [shouldBeAbleToPatchUpdateAMovieTitleSuccessfully] (com.moviedb.tests.movies.MovieCrudTests: 151) - Step 1: Creating a default movie
]]></system-out>
  </testcase>
  <testcase name="shouldBeAbleToCreateMultipleMoviesInASingleRequest" classname="com.moviedb.tests.movies.MovieCrudTests" time="0.011">
    <system-out><![CDATA[18:38:21.535 [TestNG-test-Movie related tests-3] &amp#27;[32mINFO &amp#27;[m [shouldBeAbleToUpdateAMovie] (com.moviedb.tests.movies.MovieCrudTests: 111) - Step 1: Creating a default movie
]]></system-out>
  </testcase>
  <testcase name="shouldBeAbleToUpdateAMovie" classname="com.moviedb.tests.movies.MovieCrudTests" time="0.444">
    <system-out><![CDATA[Request method:	DELETE
Request URI:	http://localhost:4000/movies/13
Proxy:			<none>
Request params:	<none>
Query params:	<none>
Form params:	<none>
Path params:	id=13
Headers:		Authorization=Bearer eyJhbGciOiJIUzI1NiIsInR5cCI6IkpXVCJ9.eyJ1c2VybmFtZSI6ImFkbWluIiwicm9sZSI6ImFkbWluIiwiaWF0IjoxNzcyOTI2Njk5LCJleHAiOjE3NzMwMTMwOTl9.IEUOfxUehs-ZTJh87t-lDGFCNTVwy5EneeatHZcbfNs
				Accept=*/*
				Content-Type=application/json
Cookies:		<none>
Multiparts:		<none>
Body:			<none>
18:38:21.593 [TestNG-test-Movie related tests-2] &amp#27;[32mINFO &amp#27;[m [] (com.moviedb.tests.movies.MovieCrudTests: 239) - In CleanUp > Cleaned up Movie ID: 13
Cleaned up Movie ID: 13
Request method:	DELETE
Request URI:	http://localhost:4000/movies/14
Proxy:			<none>
Request params:	<none>
Query params:	<none>
Form params:	<none>
Path params:	id=14
Headers:		Authorization=Bearer eyJhbGciOiJIUzI1NiIsInR5cCI6IkpXVCJ9.eyJ1c2VybmFtZSI6ImFkbWluIiwicm9sZSI6ImFkbWluIiwiaWF0IjoxNzcyOTI2Njk5LCJleHAiOjE3NzMwMTMwOTl9.IEUOfxUehs-ZTJh87t-lDGFCNTVwy5EneeatHZcbfNs
				Accept=*/*
				Content-Type=application/json
Cookies:		<none>
Multiparts:		<none>
Body:			<none>
18:38:21.622 [TestNG-test-Movie related tests-2] &amp#27;[32mINFO &amp#27;[m [] (com.moviedb.tests.movies.MovieCrudTests: 239) - In CleanUp > Cleaned up Movie ID: 14
Cleaned up Movie ID: 14
Request method:	DELETE
Request URI:	http://localhost:4000/movies/15
Proxy:			<none>
Request params:	<none>
Query params:	<none>
Form params:	<none>
Path params:	id=15
Headers:		Authorization=Bearer eyJhbGciOiJIUzI1NiIsInR5cCI6IkpXVCJ9.eyJ1c2VybmFtZSI6ImFkbWluIiwicm9sZSI6ImFkbWluIiwiaWF0IjoxNzcyOTI2Njk5LCJleHAiOjE3NzMwMTMwOTl9.IEUOfxUehs-ZTJh87t-lDGFCNTVwy5EneeatHZcbfNs
				Accept=*/*
				Content-Type=application/json
Cookies:		<none>
Multiparts:		<none>
Body:			<none>
18:38:21.647 [TestNG-test-Movie related tests-2] &amp#27;[32mINFO &amp#27;[m [] (com.moviedb.tests.movies.MovieCrudTests: 239) - In CleanUp > Cleaned up Movie ID: 15
Cleaned up Movie ID: 15
18:38:21.647 [TestNG-test-Movie related tests-2] &amp#27;[32mINFO &amp#27;[m [shouldBeAbleToUploadMoviePosterSuccessfully] (com.moviedb.tests.movies.MovieCrudTests: 183) - Step 1: Creating a default movie
Request method:	POST
Request URI:	http://localhost:4000/movies
Proxy:			<none>
Request params:	<none>
Query params:	<none>
Form params:	<none>
Path params:	<none>
Headers:		Authorization=Bearer eyJhbGciOiJIUzI1NiIsInR5cCI6IkpXVCJ9.eyJ1c2VybmFtZSI6ImFkbWluIiwicm9sZSI6ImFkbWluIiwiaWF0IjoxNzcyOTI2Njk5LCJleHAiOjE3NzMwMTMwOTl9.IEUOfxUehs-ZTJh87t-lDGFCNTVwy5EneeatHZcbfNs
				Accept=*/*
				Content-Type=application/json
Cookies:		<none>
Multiparts:		<none>
Body:
{
    "title": "Where Angels Fear to Tread",
    "crew": {
        "director": "Michelangelo",
        "musicDirector": "Degas",
        "productionCompany": "Hettinger, Altenwerth and Waters"
    },
    "cast": [
        {
            "actorName": "Cassatt",
            "role": "Rubens",
            "awards": [
                "College",
                "Academy"
            ]
        },
        {
            "actorName": "Caravaggio",
            "role": "Munch",
            "awards": [
                "University"
            ]
        },
        {
            "actorName": "Michelangelo",
            "role": "Seurat",
            "awards": [
                "College"
            ]
        }
    ],
    "genres": [
        "Speech",
        "Biography/Autobiography",
        "Folklore"
    ],
    "releaseDetails": {
        "language": "Philippines",
        "country": "Denmark"
    },
    "finance": {
        "budget": 35590000,
        "boxOffice": 85650000,
        "profit": 21160000,
        "currency": "Guinean Franc"
    }
}
Request method:	POST
Request URI:	http://localhost:4000/movies
Proxy:			<none>
Request params:	<none>
Query params:	<none>
Form params:	<none>
Path params:	<none>
Headers:		Authorization=Bearer eyJhbGciOiJIUzI1NiIsInR5cCI6IkpXVCJ9.eyJ1c2VybmFtZSI6ImFkbWluIiwicm9sZSI6ImFkbWluIiwiaWF0IjoxNzcyOTI2Njk5LCJleHAiOjE3NzMwMTMwOTl9.IEUOfxUehs-ZTJh87t-lDGFCNTVwy5EneeatHZcbfNs
				Accept=*/*
				Content-Type=application/json
Cookies:		<none>
Multiparts:		<none>
Body:
{
    "title": "Dulce et Decorum Est",
    "crew": {
        "director": "Munch",
        "musicDirector": "Seurat",
        "productionCompany": "Pacocha-Pfannerstill"
    },
    "cast": [
        {
            "actorName": "Kandinsky",
            "role": "Manet",
            "awards": [
                "Institute",
                "College"
            ]
        },
        {
            "actorName": "Michelangelo",
            "role": "Michelangelo",
            "awards": [
                "College"
            ]
        },
        {
            "actorName": "Seurat",
            "role": "Rubens",
            "awards": [
                "College"
            ]
        }
    ],
    "genres": [
        "Essay",
        "Mythology",
        "Fantasy"
    ],
    "releaseDetails": {
        "language": "Monaco",
        "country": "Guatemala"
    },
    "finance": {
        "budget": 51760000,
        "boxOffice": 79910000,
        "profit": 94070000,
        "currency": "Romanian Leu"
    }
}
18:38:21.677 [TestNG-test-Movie related tests-1] &amp#27;[32mINFO &amp#27;[m [shouldBeAbleToPatchUpdateAMovieTitleSuccessfully] (com.moviedb.tests.movies.MovieCrudTests: 158) - Step 2: Adding movieIds to cleanUp list
18:38:21.679 [TestNG-test-Movie related tests-1] &amp#27;[32mINFO &amp#27;[m [shouldBeAbleToPatchUpdateAMovieTitleSuccessfully] (com.moviedb.tests.movies.MovieCrudTests: 169) - Step 3: Performing assertion on the API response
18:38:21.693 [TestNG-test-Movie related tests-3] &amp#27;[32mINFO &amp#27;[m [shouldBeAbleToUpdateAMovie] (com.moviedb.tests.movies.MovieCrudTests: 118) - Step 2: Adding movieIds to cleanUp list
18:38:21.693 [TestNG-test-Movie related tests-3] &amp#27;[32mINFO &amp#27;[m [shouldBeAbleToUpdateAMovie] (com.moviedb.tests.movies.MovieCrudTests: 125) - Step 3: Updating budget for ID: 17
Request method:	PATCH
Request URI:	http://localhost:4000/movies/16
Proxy:			<none>
Request params:	<none>
Query params:	<none>
Form params:	<none>
Path params:	id=16
Headers:		Authorization=Bearer eyJhbGciOiJIUzI1NiIsInR5cCI6IkpXVCJ9.eyJ1c2VybmFtZSI6ImFkbWluIiwicm9sZSI6ImFkbWluIiwiaWF0IjoxNzcyOTI2Njk5LCJleHAiOjE3NzMwMTMwOTl9.IEUOfxUehs-ZTJh87t-lDGFCNTVwy5EneeatHZcbfNs
				Accept=*/*
				Content-Type=application/json
Cookies:		<none>
Multiparts:		<none>
Body:
{
    "title": "Life Is Beautiful"
}
Request method:	PUT
Request URI:	http://localhost:4000/movies/17
Proxy:			<none>
Request params:	<none>
Query params:	<none>
Form params:	<none>
Path params:	id=17
Headers:		Authorization=Bearer eyJhbGciOiJIUzI1NiIsInR5cCI6IkpXVCJ9.eyJ1c2VybmFtZSI6ImFkbWluIiwicm9sZSI6ImFkbWluIiwiaWF0IjoxNzcyOTI2Njk5LCJleHAiOjE3NzMwMTMwOTl9.IEUOfxUehs-ZTJh87t-lDGFCNTVwy5EneeatHZcbfNs
				Accept=*/*
				Content-Type=application/json
Cookies:		<none>
Multiparts:		<none>
Body:
{
    "title": "Dulce et Decorum Est",
    "crew": {
        "director": "Munch",
        "musicDirector": "Seurat",
        "productionCompany": "Pacocha-Pfannerstill"
    },
    "cast": [
        {
            "actorName": "Kandinsky",
            "role": "Manet",
            "awards": [
                "Institute",
                "College"
            ]
        },
        {
            "actorName": "Michelangelo",
            "role": "Michelangelo",
            "awards": [
                "College"
            ]
        },
        {
            "actorName": "Seurat",
            "role": "Rubens",
            "awards": [
                "College"
            ]
        }
    ],
    "genres": [
        "Essay",
        "Mythology",
        "Fantasy"
    ],
    "releaseDetails": {
        "language": "Monaco",
        "country": "Guatemala"
    },
    "finance": {
        "budget": 265000000,
        "boxOffice": 79910000,
        "profit": 94070000,
        "currency": "Romanian Leu"
    }
}
HTTP/1.1 200 OK
X-Powered-By: Express
Access-Control-Allow-Origin: *
Content-Type: application/json; charset=utf-8
Content-Length: 580
ETag: W/"244-Kzw3JZash6UO+5Ut8l7c/xIJWKQ"
Date: Sat, 07 Mar 2026 23:38:21 GMT
Connection: keep-alive
Keep-Alive: timeout=5

{
    "id": 16,
    "title": "Life Is Beautiful",
    "crew": {
        "director": "Michelangelo",
        "musicDirector": "Degas",
        "productionCompany": "Hettinger, Altenwerth and Waters"
    },
    "cast": [
        {
            "actorName": "Cassatt",
            "role": "Rubens",
            "awards": [
                "College",
                "Academy"
            ]
        },
        {
            "actorName": "Caravaggio",
            "role": "Munch",
            "awards": [
                "University"
            ]
        },
        {
            "actorName": "Michelangelo",
            "role": "Seurat",
            "awards": [
                "College"
            ]
        }
    ],
    "genres": [
        "Speech",
        "Biography/Autobiography",
        "Folklore"
    ],
    "releaseDetails": {
        "language": "Philippines",
        "country": "Denmark"
    },
    "finance": {
        "budget": 35590000,
        "boxOffice": 85650000,
        "profit": 21160000,
        "currency": "Guinean Franc"
    }
}
18:38:21.720 [TestNG-test-Movie related tests-3] &amp#27;[32mINFO &amp#27;[m [shouldBeAbleToUpdateAMovie] (com.moviedb.tests.movies.MovieCrudTests: 131) - Step 4: Performing assertion on the API response
HTTP/1.1 200 OK
X-Powered-By: Express
Access-Control-Allow-Origin: *
Content-Type: application/json; charset=utf-8
Content-Length: 549
ETag: W/"225-BpUmu6F7tPYFCsnCgrNbtoMFz5E"
Date: Sat, 07 Mar 2026 23:38:21 GMT
Connection: keep-alive
Keep-Alive: timeout=5

{
    "id": 17,
    "title": "Dulce et Decorum Est",
    "crew": {
        "director": "Munch",
        "musicDirector": "Seurat",
        "productionCompany": "Pacocha-Pfannerstill"
    },
    "cast": [
        {
            "actorName": "Kandinsky",
            "role": "Manet",
            "awards": [
                "Institute",
                "College"
            ]
        },
        {
            "actorName": "Michelangelo",
            "role": "Michelangelo",
            "awards": [
                "College"
            ]
        },
        {
            "actorName": "Seurat",
            "role": "Rubens",
            "awards": [
                "College"
            ]
        }
    ],
    "genres": [
        "Essay",
        "Mythology",
        "Fantasy"
    ],
    "releaseDetails": {
        "language": "Monaco",
        "country": "Guatemala"
    },
    "finance": {
        "budget": 265000000,
        "boxOffice": 79910000,
        "profit": 94070000,
        "currency": "Romanian Leu"
    }
}
]]></system-out>
  </testcase>
  <testcase name="shouldBeAbleToPatchUpdateAMovieTitleSuccessfully" classname="com.moviedb.tests.movies.MovieCrudTests" time="0.46">
    <system-out><![CDATA[Request method:	DELETE
Request URI:	http://localhost:4000/movies/17
Proxy:			<none>
Request params:	<none>
Query params:	<none>
Form params:	<none>
Path params:	id=17
Headers:		Authorization=Bearer eyJhbGciOiJIUzI1NiIsInR5cCI6IkpXVCJ9.eyJ1c2VybmFtZSI6ImFkbWluIiwicm9sZSI6ImFkbWluIiwiaWF0IjoxNzcyOTI2Njk5LCJleHAiOjE3NzMwMTMwOTl9.IEUOfxUehs-ZTJh87t-lDGFCNTVwy5EneeatHZcbfNs
				Accept=*/*
				Content-Type=application/json
Cookies:		<none>
Multiparts:		<none>
Body:			<none>
]]></system-out>
  </testcase>
  <testcase name="shouldBeAbleToUploadMoviePosterSuccessfully" classname="com.moviedb.tests.movies.MovieCrudTests" time="0.756">
    <system-out><![CDATA[2882
]]></system-out>
  </testcase>
  <testcase name="givenInvalidMovieDetails_whenCreatingMovie_thenStatusIs404" classname="com.moviedb.tests.movies.MovieNegativeTests" time="0.086">
    <system-out><![CDATA[Request method:	POST
Request URI:	http://localhost:4000/movies
Proxy:			<none>
Request params:	<none>
Query params:	<none>
Form params:	<none>
Path params:	<none>
Headers:		Authorization=Bearer eyJhbGciOiJIUzI1NiIsInR5cCI6IkpXVCJ9.eyJ1c2VybmFtZSI6ImFkbWluIiwicm9sZSI6ImFkbWluIiwiaWF0IjoxNzcyOTI2Njk5LCJleHAiOjE3NzMwMTMwOTl9.IEUOfxUehs-ZTJh87t-lDGFCNTVwy5EneeatHZcbfNs
				Accept=*/*
				Content-Type=application/json
Cookies:		<none>
Multiparts:		<none>
Body:
{
    "title": "Consider Phlebas",
    "crew": {
        "director": "Rubens",
        "musicDirector": "Pissarro",
        "productionCompany": "Yost, Cassin and Turcotte"
    },
    "cast": [
        {
            "actorName": "Titian",
            "role": "Rothko",
            "awards": [
                "College",
                "Academy"
            ]
        },
        {
            "actorName": "Pollock",
            "role": "Pissarro",
            "awards": [
                "University"
            ]
        },
        {
            "actorName": "Michelangelo",
            "role": "Pollock",
            "awards": [
                "College"
            ]
        }
    ],
    "genres": [
        "Suspense/Thriller",
        "Western",
        "Narrative nonfiction"
    ],
    "releaseDetails": {
        "language": "Bahrain",
        "country": "Paraguay"
    },
    "finance": {
        "budget": 69970000,
        "boxOffice": 41520000,
        "profit": 78330000,
        "currency": "UAE Dirham"
    }
}
Request method:	DELETE
Request URI:	http://localhost:4000/movies/16
Proxy:			<none>
Request params:	<none>
Query params:	<none>
Form params:	<none>
Path params:	id=16
Headers:		Authorization=Bearer eyJhbGciOiJIUzI1NiIsInR5cCI6IkpXVCJ9.eyJ1c2VybmFtZSI6ImFkbWluIiwicm9sZSI6ImFkbWluIiwiaWF0IjoxNzcyOTI2Njk5LCJleHAiOjE3NzMwMTMwOTl9.IEUOfxUehs-ZTJh87t-lDGFCNTVwy5EneeatHZcbfNs
				Accept=*/*
				Content-Type=application/json
Cookies:		<none>
Multiparts:		<none>
Body:			<none>
18:38:21.753 [TestNG-test-Movie related tests-3] &amp#27;[32mINFO &amp#27;[m [] (com.moviedb.tests.movies.MovieCrudTests: 239) - In CleanUp > Cleaned up Movie ID: 17
Cleaned up Movie ID: 17
18:38:21.757 [TestNG-test-Movie related tests-3] &amp#27;[32mINFO &amp#27;[m [givenInvalidMovieDetails_whenCreatingMovie_thenStatusIs404] (com.moviedb.tests.movies.MovieNegativeTests: 92) - Step 1: Creating a default movie without movie title
18:38:21.759 [TestNG-test-Movie related tests-3] &amp#27;[32mINFO &amp#27;[m [givenInvalidMovieDetails_whenCreatingMovie_thenStatusIs404] (com.moviedb.tests.movies.MovieNegativeTests: 116) - Step 2: Validating the API response
18:38:21.771 [TestNG-test-Movie related tests-1] &amp#27;[32mINFO &amp#27;[m [] (com.moviedb.tests.movies.MovieCrudTests: 239) - In CleanUp > Cleaned up Movie ID: 16
Cleaned up Movie ID: 16
Request method:	POST
Request URI:	http://localhost:4000/movies
Proxy:			<none>
Request params:	<none>
Query params:	<none>
Form params:	<none>
Path params:	<none>
Headers:		Authorization=Bearer eyJhbGciOiJIUzI1NiIsInR5cCI6IkpXVCJ9.eyJ1c2VybmFtZSI6ImFkbWluIiwicm9sZSI6ImFkbWluIiwiaWF0IjoxNzcyOTI2Njk5LCJleHAiOjE3NzMwMTMwOTl9.IEUOfxUehs-ZTJh87t-lDGFCNTVwy5EneeatHZcbfNs
				Accept=*/*
				Content-Type=application/json
Cookies:		<none>
Multiparts:		<none>
Body:
{
    "crew": {
        "director": "Christopher Nolan",
        "musicDirector": "Hans Zimmer",
        "productionCompany": "Syncopy, Lynda Obst Productions, Legendary Pictures"
    },
    "cast": [
        {
            "actorName": "Matthew McConaughey",
            "role": "Joseph Cooper",
            "awards": [
                "Saturn Award for Best Actor (Nominee)",
                "Critics' Choice Movie Award for Best Actor (Nominee)"
            ]
        },
        {
            "actorName": "Anne Hathaway",
            "role": "Anne Hathaway",
            "awards": [
                "Saturn Award for Best Actress (Nominee)"
            ]
        },
        {
            "actorName": "Jessica Chastain",
            "role": "Murphy Cooper (Adult)",
            "awards": [
                "Saturn Award for Best Supporting Actress (Nominee)"
            ]
        }
    ],
    "genres": [
        "Sci-Fi",
        "Adventure",
        "Drama"
    ],
    "releaseDetails": {
        "language": "English",
        "country": "United States, United Kingdom"
    },
    "finance": {
        "budget": 165000000,
        "boxOffice": 773800000,
        "profit": 47200000,
        "currency": "USD"
    }
}
18:38:21.773 [TestNG-test-Movie related tests-1] &amp#27;[32mINFO &amp#27;[m [givenInvalidMovieId_whenDeletingMovie_thenStatusIs404] (com.moviedb.tests.movies.MovieNegativeTests: 130) - Step 1: Calling FakerUtil's generateRandomMovieId to get a random movieId that does not exist
18:38:21.775 [TestNG-test-Movie related tests-1] &amp#27;[32mINFO &amp#27;[m [givenInvalidMovieId_whenDeletingMovie_thenStatusIs404] (com.moviedb.tests.movies.MovieNegativeTests: 135) - Step 2: Attempting to delete the movie with id 21168 which does not exist
18:38:21.775 [TestNG-test-Movie related tests-2] &amp#27;[32mINFO &amp#27;[m [shouldBeAbleToUploadMoviePosterSuccessfully] (com.moviedb.tests.movies.MovieCrudTests: 189) - Step 2: Adding movieIds to cleanUp list
Request method:	DELETE
Request URI:	http://localhost:4000/movies/21168
Proxy:			<none>
Request params:	<none>
Query params:	<none>
Form params:	<none>
Path params:	id=21168
Headers:		Authorization=Bearer eyJhbGciOiJIUzI1NiIsInR5cCI6IkpXVCJ9.eyJ1c2VybmFtZSI6ImFkbWluIiwicm9sZSI6ImFkbWluIiwiaWF0IjoxNzcyOTI2Njk5LCJleHAiOjE3NzMwMTMwOTl9.IEUOfxUehs-ZTJh87t-lDGFCNTVwy5EneeatHZcbfNs
				Accept=*/*
				Content-Type=application/json
Cookies:		<none>
Multiparts:		<none>
Body:			<none>
HTTP/1.1 400 Bad Request
X-Powered-By: Express
Access-Control-Allow-Origin: *
Content-Type: application/json; charset=utf-8
Content-Length: 146
ETag: W/"92-peZPSj7gAPpGenWajImznrLD6Rw"
Date: Sat, 07 Mar 2026 23:38:21 GMT
Connection: keep-alive
Keep-Alive: timeout=5

{
    "timestamp": "2026-03-07T23:38:21.774Z",
    "status": 400,
    "error": "Bad Request",
    "message": "Field \"title\" is required and must be a non-empty string"
}
18:38:21.792 [TestNG-test-Movie related tests-1] &amp#27;[32mINFO &amp#27;[m [givenInvalidMovieId_whenDeletingMovie_thenStatusIs404] (com.moviedb.tests.movies.MovieNegativeTests: 140) - 
]]></system-out>
  </testcase>
  <testcase name="givenInvalidMovieId_whenDeletingMovie_thenStatusIs404" classname="com.moviedb.tests.movies.MovieNegativeTests" time="0.021">
    <system-out><![CDATA[18:38:21.813 [TestNG-test-Movie related tests-3] &amp#27;[32mINFO &amp#27;[m [givenInvalidMovieId_whenRequestingMovieInfo_thenStatusIs404] (com.moviedb.tests.movies.MovieNegativeTests: 72) - Step 1: Attempting to retrieve the movie with id 200 which does not exist
]]></system-out>
  </testcase>
  <testcase name="givenInvalidToken_whenRequestingMovies_thenReturns401" classname="com.moviedb.tests.movies.MovieNegativeTests" time="0.185">
    <system-out><![CDATA[18:38:21.823 [TestNG-test-Movie related tests-1] &amp#27;[32mINFO &amp#27;[m [givenInvalidToken_whenRequestingMovies_thenReturns401] (com.moviedb.tests.movies.MovieNegativeTests: 53) - Step 1: Setting up page and limit query params and starting the test
Request method:	POST
Request URI:	http://localhost:4000/movies/18/poster
Proxy:			<none>
Request params:	<none>
Query params:	<none>
Form params:	<none>
Path params:	<none>
Headers:		Authorization=Bearer eyJhbGciOiJIUzI1NiIsInR5cCI6IkpXVCJ9.eyJ1c2VybmFtZSI6ImFkbWluIiwicm9sZSI6ImFkbWluIiwiaWF0IjoxNzcyOTI2Njk5LCJleHAiOjE3NzMwMTMwOTl9.IEUOfxUehs-ZTJh87t-lDGFCNTVwy5EneeatHZcbfNs
				accept=*/*
				Content-Type=multipart/form-data
Cookies:		<none>
Multiparts:		------------
				Content-Disposition: form-data; name = poster; filename = Screenshot.png
				Content-Type: image/png

				�PNG
				&amp#26;
&amp#0;&amp#0;&amp#0;IHDR&amp#0;&amp#0;&amp#1;&amp#31;&amp#0;&amp#0;&amp#0;Q&amp#8;&amp#6;&amp#0;&amp#0;&amp#0;�r��&amp#0;&amp#0;&amp#0;&amp#1;sRGB&amp#0;��&amp#28;�&amp#0;&amp#0;&amp#0;&amp#4;gAMA&amp#0;&amp#0;��&amp#11;�a&amp#5;&amp#0;&amp#0;&amp#0;	pHYs&amp#0;&amp#0;&amp#14;�&amp#0;&amp#0;&amp#14;�&amp#1;�o�d&amp#0;&amp#0;
�IDATx^��Qh[�&amp#29;&amp#6;��#4�&amp#2;&amp#30;qh&amp#11;uIi��`�&amp#22;bC&amp#30;|A&amp#5;]�Ad�&amp#16;�&amp#12;Fh��;h��!��P�<�6��&amp#20;H���:�Ty(؅&amp#6;+P3&amp#7;&amp#22;�@
�C�&amp#20;(!&amp#15;&amp#1;�H9v�����&amp#29;IGY�&amp#31;��\�H�m��9�&amp#30;KmE&amp#5;DDM�v�޽b>�ׇDD�u��a������ӧK#&amp#31;&amp#22;��jJ����&\�ߨ&amp#3;"��k+�|&&&�o�>\�rE���~&amp#30;>|�H$Rn��Oy�U&amp#17;>\�!�F�~�zU�p�EDF0|��&amp#8;�&amp#15;&amp#17;&amp#25;Qs��СC�Eϻݻw#���#���|6����)�{�z뭷��ӳ������U�暟��x&amp#28;r�&amp#15;&amp#17;&amp#25;��!"#&amp#24;>Dd&amp#4;Ç��`�&amp#16;�&amp#17;&amp#12;&amp#31;"2��CDF0|��&amp#8;�&amp#15;&amp#17;&amp#25;��!"#&amp#24;>Dd&amp#4;Ç��`�&amp#16;�&amp#17;&amp#12;&amp#31;"2��CDF0|��&amp#8;�&amp#15;&amp#17;&amp#25;��!"#Z&|b�&amp#26;���3՚&amp#19;ӷ�&amp#21;CzM�[K����w���&amp#12;��ٔ,��������~��>����'\���1��u�*�����z�sW�q0"\&amp#30;�����Hu��&amp#14;a殾\���G�%&amp#30;������#8b&amp#15;cl"���&amp#31;�&amp#27;ؙ��a�&amp#21;�G[���~֝|��vR#���&amp#6;��&amp#15;y��
��v���&amp#12;&amp#28;� ���aI�+�q�Y�m�&amp#21;&amp#23;�ݮ&amp#16;�}���&amp#6;����GS��&amp#6;dc�og��,��/����~���&amp#8;R�w&amp#18;By$��P�G�&amp#28;��r��zZ&|Vg&amp#19;���\&amp#11;O��&amp#5;�r]��U�˴G�^�Z�>?�k�*�&amp#4;�],�a���ѣ�����v����&amp#16;/i&amp#31;�5��MPX&amp#24;��&amp#25;�>6G���&amp#30;>և�m��E�U���M��_�E=&amp#23;�^qqYߛbq��py͊&amp#21;��鉵tQMt�>Rm�zjڵ޹�>)�1Y�?����&amp#1;�6:O��l��d�&amp#18;�nԁQu�^k���B_U����u�b1]�&amp#11;}&amp#2;��i}&amp#27;�&amp#19;�����&amp#24;w�~ק��\]���&amp#7;�P���x�e��^�66Woq�G�Y���d�t��U��7��O���,��;u�Rn!S5�Z�w�&amp#17;̺;&amp#25;d~��u�&amp#12;&amp#22;}^��&^Ͷ����H�ׇ�&amp#20;�QS�1��j��F�떐H����&amp#22;�&amp#15;���(����b�"HV��ך�T?I
�s��&amp#18;1&amp#12;&amp#12;&amp#6;�&amp#30;&amp#11;�?ɋ�&amp#27;�uT��~
�X&amp#3;�&amp#14;X8�i&amp#28;��>ء/��b���kO��HxC]���l��&amp#7;{:z��P~���S�j�&amp#30;�'&amp#0;�&amp#15;��}��u�B&amp#22;��MO��jT#�&amp#3;U��V.Hg�w�E��}��?��PZ�&amp#25;���*�k6F����F%1���ڷ��2�I$j�9r&amp#23;&amp#28;&amp#4;ZN��@�$�&amp#18;&amp#19;O-c�G�.&amp#12;�>&amp#30;�đ����|򡤁0|H�+
�&amp#3;9&amp#5;�nd�k�&amp#19;�Y�g&amp#4;�qK��M�~� ��d����՘�&amp#25;2g�1r���Z/{�&amp#17;>���q5��&amp#20;�T�⫐B�&amp#16;=&amp#7;�Х�O&amp#21;�RS�F�D���!_�1���&amp#27;*pVJ�<\�&amp#14;fI��td-,�&amp#21;�VlX��ѳ���Gp�=���&amp#4;&amp#27;&amp#21;�V1s�&amp#28;�f��t���g��ZaiY޾�&amp#20;�HRZ��?I ~\&amp#31;lv)��������&amp#16;!�}��ť&amp#26;����ߚB�&amp#1;&amp#21;&amp#7;��TK=�N##M�Cbheԫo)~27|�&amp#11;�&amp#22;��u��&amp#2;r�������#<�ֽ�38&amp#21;��&amp#24;�5RiO�&amp#24;�rȉÕ\yoO5&amp#27;�`/���Z�&amp#11;�jkm�x�§#���8)V&amp#18;�&amp#29;�&amp#1;Ԑ��^�&amp#30;�Q�ȯx-#dc�n{�&amp#11;.�7&amp#22;�w�*�&amp#15;�w���#����7+b&amp#11;S&amp#6;s
&amp#11;�&amp#24;�X}�&amp#16;&amp#11;��N&amp#28;��Jy�I;�W&amp#28;8���٠
&amp#31;&amp#21;�&amp#29;'����&amp#25;�i�=?&amp#28;��&amp#22;B�z}�&amp#24;�:&amp#24;�Fz�a8<��Ai��&amp#26;1]H���&amp#15;+���7&amp#20;=�g1����K���!��ZE��&amp#26;q��f��Г3��&amp#23;a,�C&amp#2;�@����&amp#11;�_�H	;��J!���޶���^�ߗ�zoL�o]&amp#29;�&amp#22;���9��n�����{9%O��Ք�]�n�������A}�l��aY7+u`����!��?���&amp#24;�N�&amp#15;�C��(�:~rp�ԷU�����&amp#31;G0&amp#18;���Q��&amp#31;y��ֿ:�׉J���*L&amp#14;<�Z&amp#16;=�&amp#3;j�&amp#29;����y�(j��&amp#25;�.&amp#11;��'a��&amp#11;&amp#26;���v�݉No���&amp#16;G�'��]+�&amp#29;��%w)�T���ⴋjPO�c��`��������������t&amp#29;���{g<�'{���G1}�&amp#18;F&amp#12;t�<��"���z�x&amp#2;����8r&amp#12;}��s�پ�|�쾋���H&amp#31;�&amp#15;�ԥ����rw��.i�&amp#3;Q&amp#21;Z�mX�gi$>lƉ�G�/��@䜸~S�:{�Z&amp#21;���p���_N�*P
��<�m2�&amp#15;����B&amp#29;��xw'�-D&amp#3;L�:&amp#7;���y!D/L"^���{.�*���&amp#24;���������>^G�pʳ_�<e��ޣ���&amp#22;����&amp#0;z`۵�EU��w��&amp#11;ך����{2&amp#24;{GXį(���h�b����\��&amp#12;&amp#18;�&amp#19;&amp#25;�m��)�B�Lܳ`�+oo�&amp#15;&amp#23;�K�O�3|(�&amp#30;5���bl]&amp#20;�`�*K4<��&amp#26;J�߻'��㘹�����&amp#16;��IL{���f
Iio����-��g�^��%'�{�Y&amp#24;>�&amp#30;&amp#16;&amp#17;a&amp#17;T�/O�xR���&amp#3;�������ɮ:-������&amp#19;������&amp#7;-���4��&amp#28;��S&amp#23;�_e0w��&amp#17;��O��8p
��?xn�ק�u�[)��u�&amp#16;�OC�A�	���T&amp#31;�֮^����&amp#11;���\⥥o&amp#17;�'����	�&amp#11;��D}�D��*&amp#28;Gru&amp#25;�O{ԣ�㱋�ey��sb&amp#8;�V�&amp#29;&amp#25;BL|��!1��Ii�0|(0+�w�ʂ��&amp#23;L�r�Ȃ�w�A�Q�_���&amp#5;�㠚&amp#18;Eb&amp#24;US��{k�Ϸӈ&amp#29;�y3�Y&amp#23;	�]�C���2��D�>��i�{~���Qeե���*Q}�mT��e0|��&amp#8;�&amp#15;&amp#17;&amp#25;��!"#&amp#24;>Dd&amp#4;Ç��`�&amp#16;�&amp#17;&amp#12;&amp#31;"2��CDF0|��&amp#8;�&amp#15;&amp#17;&amp#25;��!"#&amp#24;>Dd&amp#4;Ç��`�&amp#16;�&amp#17;&amp#12;&amp#31;"2��CDF0|��&amp#8;�&amp#15;&amp#17;&amp#25;��!"#�Jo ?11�}��!���&amp#20;�C�&amp#14;�&amp#22;=�v�ލl��'Uҋ����D"����
&amp#14;&amp#31;>\;|����&amp#20;>�v&amp#17;�&amp#17;&amp#12;&amp#31;"2��CDFT��\�rE���~&amp#30;>|X���q�,&amp#22;�Ռ��%&amp#19;�Qm���K���&amp#7;�����^y�&amp#21;���K�&amp#31;B��!�#��&amp#0;&amp#0;&amp#0;&amp#0;IEND�B`�
Body:			<none>
Request method:	GET
Request URI:	http://localhost:4000/movies?page=1&limit=100
Proxy:			<none>
Request params:	<none>
Query params:	page=1
				limit=100
Form params:	<none>
Path params:	<none>
Headers:		Content-Type=application/json
				Authorization=Bearer SPECIAL_TEST_TOKEN
				Accept=*/*
				Content-Type=application/json
				Content-Type=application/json
Cookies:		<none>
Multiparts:		<none>
Body:			<none>
]]></system-out>
  </testcase>
  <testcase name="givenNoToken_whenRequestingMovies_thenReturns401" classname="com.moviedb.tests.movies.MovieNegativeTests" time="0.039">
    <system-out><![CDATA[18:38:21.856 [TestNG-test-Movie related tests-1] &amp#27;[32mINFO &amp#27;[m [givenNoToken_whenRequestingMovies_thenReturns401] (com.moviedb.tests.movies.MovieNegativeTests: 35) - Step 1: Setting up invalid token and starting the test
Request method:	GET
Request URI:	http://localhost:4000/movies
Proxy:			<none>
Request params:	<none>
Query params:	<none>
Form params:	<none>
Path params:	<none>
Headers:		Content-Type=application/json
				Authorization=
				Accept=*/*
				Content-Type=application/json
				Content-Type=application/json
Cookies:		<none>
Multiparts:		<none>
Body:			<none>
]]></system-out>
  </testcase>
  <testcase name="patchUpdateMovieTitleFailure" classname="com.moviedb.tests.movies.MovieNegativeTests" time="0.126">
    <system-out><![CDATA[18:38:21.871 [TestNG-test-Movie related tests-1] &amp#27;[32mINFO &amp#27;[m [patchUpdateMovieTitleFailure] (com.moviedb.tests.movies.MovieNegativeTests: 152) - Step 1: Calling FakerUtil's generateRandomMovieId to get a random movieId that does not exist
18:38:21.873 [TestNG-test-Movie related tests-1] &amp#27;[32mINFO &amp#27;[m [patchUpdateMovieTitleFailure] (com.moviedb.tests.movies.MovieNegativeTests: 161) - Step 2: Attempting to PATCH update the title of movie with id 41972 which does not exist
Request method:	PATCH
Request URI:	http://localhost:4000/movies/41972
Proxy:			<none>
Request params:	<none>
Query params:	<none>
Form params:	<none>
Path params:	id=41972
Headers:		Authorization=Bearer eyJhbGciOiJIUzI1NiIsInR5cCI6IkpXVCJ9.eyJ1c2VybmFtZSI6ImFkbWluIiwicm9sZSI6ImFkbWluIiwiaWF0IjoxNzcyOTI2Njk5LCJleHAiOjE3NzMwMTMwOTl9.IEUOfxUehs-ZTJh87t-lDGFCNTVwy5EneeatHZcbfNs
				Accept=*/*
				Content-Type=application/json
Cookies:		<none>
Multiparts:		<none>
Body:
{
    "title": "The Parasite"
}
Request method:	GET
Request URI:	http://localhost:4000/movies/200
Proxy:			<none>
Request params:	<none>
Query params:	<none>
Form params:	<none>
Path params:	id=200
Headers:		Authorization=Bearer eyJhbGciOiJIUzI1NiIsInR5cCI6IkpXVCJ9.eyJ1c2VybmFtZSI6ImFkbWluIiwicm9sZSI6ImFkbWluIiwiaWF0IjoxNzcyOTI2Njk5LCJleHAiOjE3NzMwMTMwOTl9.IEUOfxUehs-ZTJh87t-lDGFCNTVwy5EneeatHZcbfNs
				Accept=*/*
				Content-Type=application/json
Cookies:		<none>
Multiparts:		<none>
Body:			<none>
HTTP/1.1 404 Not Found
X-Powered-By: Express
Access-Control-Allow-Origin: *
Content-Type: application/json; charset=utf-8
Content-Length: 115
ETag: W/"73-EHBXUduSmYjDH/SWhxyCM5On4QE"
Date: Sat, 07 Mar 2026 23:38:21 GMT
Connection: keep-alive
Keep-Alive: timeout=5

{
    "timestamp": "2026-03-07T23:38:21.881Z",
    "status": 404,
    "error": "Not Found",
    "message": "Movie with id 41972 not found"
}
18:38:21.889 [TestNG-test-Movie related tests-3] &amp#27;[32mINFO &amp#27;[m [givenInvalidMovieId_whenRequestingMovieInfo_thenStatusIs404] (com.moviedb.tests.movies.MovieNegativeTests: 77) - Step 2: Validating the API response
HTTP/1.1 404 Not Found
X-Powered-By: Express
Access-Control-Allow-Origin: *
Content-Type: application/json; charset=utf-8
Content-Length: 113
ETag: W/"71-LozSFBebpms8v3aNUKCTghc/Mw0"
Date: Sat, 07 Mar 2026 23:38:21 GMT
Connection: keep-alive
Keep-Alive: timeout=5

{
    "timestamp": "2026-03-07T23:38:21.884Z",
    "status": 404,
    "error": "Not Found",
    "message": "Movie with id 200 not found"
}
]]></system-out>
  </testcase>
  <testcase name="givenInvalidMovieId_whenRequestingMovieInfo_thenStatusIs404" classname="com.moviedb.tests.movies.MovieNegativeTests" time="0.032">
    <system-out><![CDATA[18:38:21.918 [TestNG-test-Movie related tests-1] &amp#27;[32mINFO &amp#27;[m [listMoviesWithDefaultPagination] (com.moviedb.tests.movies.MovieRetrievalTests: 115) - Step 1: MovieActions.getAllMovies()
Request method:	GET
Request URI:	http://localhost:4000/movies
Proxy:			<none>
Request params:	<none>
Query params:	<none>
Form params:	<none>
Path params:	<none>
Headers:		Authorization=Bearer eyJhbGciOiJIUzI1NiIsInR5cCI6IkpXVCJ9.eyJ1c2VybmFtZSI6ImFkbWluIiwicm9sZSI6ImFkbWluIiwiaWF0IjoxNzcyOTI2Njk5LCJleHAiOjE3NzMwMTMwOTl9.IEUOfxUehs-ZTJh87t-lDGFCNTVwy5EneeatHZcbfNs
				Accept=*/*
				Content-Type=application/json
Cookies:		<none>
Multiparts:		<none>
Body:			<none>
]]></system-out>
  </testcase>
  <testcase name="listMoviesWithDefaultPagination" classname="com.moviedb.tests.movies.MovieRetrievalTests" time="1.574">
    <system-out><![CDATA[18:38:21.928 [TestNG-test-Movie related tests-3] &amp#27;[32mINFO &amp#27;[m [listMoviesWithPagination] (com.moviedb.tests.movies.MovieRetrievalTests: 95) - Step 1: MovieActions.getAllMovies(page, limit)
Request method:	GET
Request URI:	http://localhost:4000/movies?limit=100&page=1
Proxy:			<none>
Request params:	<none>
Query params:	limit=100
				page=1
Form params:	<none>
Path params:	<none>
Headers:		Authorization=Bearer eyJhbGciOiJIUzI1NiIsInR5cCI6IkpXVCJ9.eyJ1c2VybmFtZSI6ImFkbWluIiwicm9sZSI6ImFkbWluIiwiaWF0IjoxNzcyOTI2Njk5LCJleHAiOjE3NzMwMTMwOTl9.IEUOfxUehs-ZTJh87t-lDGFCNTVwy5EneeatHZcbfNs
				Accept=*/*
				Content-Type=application/json
Cookies:		<none>
Multiparts:		<none>
Body:			<none>
18:38:21.936 [TestNG-test-Movie related tests-1] &amp#27;[32mINFO &amp#27;[m [listMoviesWithDefaultPagination] (com.moviedb.tests.movies.MovieRetrievalTests: 120) - Step 2: Validating API response
18:38:21.944 [TestNG-test-Movie related tests-3] &amp#27;[32mINFO &amp#27;[m [listMoviesWithPagination] (com.moviedb.tests.movies.MovieRetrievalTests: 100) - Step 2: Validating API response
HTTP/1.1 200 OK
X-Powered-By: Express
Access-Control-Allow-Origin: *
Content-Type: application/json; charset=utf-8
Content-Length: 6399
ETag: W/"18ff-K96RzlkAufW47GM8z3yyzJg14gE"
Date: Sat, 07 Mar 2026 23:38:21 GMT
Connection: keep-alive
Keep-Alive: timeout=5

{
    "page": 1,
    "limit": 10,
    "total": 11,
    "totalPages": 2,
    "data": [
        {
            "id": 1,
            "title": "The Dark Knight",
            "crew": {
                "director": "Christopher Nolan",
                "musicDirector": "Hans Zimmer",
                "productionCompany": "Warner Bros. Pictures"
            },
            "cast": [
                {
                    "actorName": "Christian Bale",
                    "role": "Bruce Wayne / Batman",
                    "awards": [
                        "Saturn Award for Best Actor"
                    ]
                },
                {
                    "actorName": "Heath Ledger",
                    "role": "The Joker",
                    "awards": [
                        "Academy Award for Best Supporting Actor",
                        "BAFTA Award for Best Actor in a Supporting Role"
                    ]
                },
                {
                    "actorName": "Aaron Eckhart",
                    "role": "Harvey Dent / Two-Face",
                    "awards": [
                        
                    ]
                }
            ],
            "genres": [
                "Action",
                "Crime",
                "Drama",
                "Thriller"
            ],
            "releaseDetails": {
                "language": "English",
                "country": "USA"
            },
            "finance": {
                "budget": 185000000,
                "boxOffice": 1006000000,
                "profit": 821000000,
                "currency": "USD"
            }
        },
        {
            "id": 2,
            "title": "Inception",
            "crew": {
                "director": "Christopher Nolan",
                "musicDirector": "Hans Zimmer",
                "productionCompany": "Legendary Entertainment"
            },
            "cast": [
                {
                    "actorName": "Leonardo DiCaprio",
                    "role": "Dom Cobb",
                    "awards": [
                        "Academy Award for Best Actor (The Revenant)"
                    ]
                },
                {
                    "actorName": "Joseph Gordon-Levitt",
                    "role": "Arthur",
                    "awards": [
                        "Independent Spirit Award"
                    ]
                },
                {
                    "actorName": "Elliot Page",
                    "role": "Ariadne",
                    "awards": [
                        "Academy Award for Best Picture (Nominee)"
                    ]
                }
            ],
            "genres": [
                "Action",
                "Sci-Fi",
                "Thriller"
            ],
            "releaseDetails": {
                "language": "English",
                "country": "USA"
            },
            "finance": {
                "budget": 160000000,
                "boxOffice": 837000000,
                "profit": 677000000,
                "currency": "USD"
            }
        },
        {
            "id": 3,
            "title": "Lagaan",
            "crew": {
                "director": "Ashutosh Gowariker",
                "musicDirector": "A.R. Rahman",
                "productionCompany": "Aamir Khan Productions"
            },
            "cast": [
                {
                    "actorName": "Aamir Khan",
                    "role": "Bhuvan",
                    "awards": [
                        "Filmfare Award for Best Actor"
                    ]
                },
                {
                    "actorName": "Gracy Singh",
                    "role": "Gauri",
                    "awards": [
                        "IIFA Award for Best Actress"
                    ]
                },
                {
                    "actorName": "Rachel Shelley",
                    "role": "Elizabeth Russell",
                    "awards": [
                        
                    ]
                }
            ],
            "genres": [
                "Drama",
                "Musical",
                "Sport"
            ],
            "releaseDetails": {
                "language": "Hindi",
                "country": "India"
            },
            "finance": {
                "budget": 250000000,
                "boxOffice": 659000000,
                "profit": 409000000,
                "currency": "INR"
            }
        },
        {
            "id": 4,
            "title": "Parasite",
            "crew": {
                "director": "Bong Joon-ho",
                "musicDirector": "Jung Jae-il",
                "productionCompany": "Barunson E&A"
            },
            "cast": [
                {
                    "actorName": "Song Kang-ho",
                    "role": "Kim Ki-taek",
                    "awards": [
                        "Screen Actors Guild Award for Outstanding Cast"
                    ]
                },
                {
                    "actorName": "Cho Yeo-jeong",
                    "role": "Park Yeon-gyo",
                    "awards": [
                        "Blue Dragon Film Award for Best Actress"
                    ]
                },
                {
                    "actorName": "Park So-dam",
                    "role": "Kim Ki-jung",
                    "awards": [
                        "Korean Association of Film Critics Award"
                    ]
                }
            ],
            "genres": [
                "Comedy",
                "Drama",
                "Thriller"
            ],
            "releaseDetails": {
                "language": "Korean",
                "country": "South Korea"
            },
            "finance": {
                "budget": 11400000,
                "boxOffice": 263000000,
                "profit": 251600000,
                "currency": "USD"
            }
        },
        {
            "id": 5,
            "title": "Dangal",
            "crew": {
                "director": "Nitesh Tiwari",
                "musicDirector": "Pritam",
                "productionCompany": "Aamir Khan Productions"
            },
            "cast": [
                {
                    "actorName": "Aamir Khan",
                    "role": "Mahavir Singh Phogat",
                    "awards": [
                        "Filmfare Award for Best Actor"
                    ]
                },
                {
                    "actorName": "Fatima Sana Shaikh",
                    "role": "Geeta Phogat",
                    "awards": [
                        "Zee Cine Award for Best Female Debut"
                    ]
                },
                {
                    "actorName": "Sanya Malhotra",
                    "role": "Babita Kumari",
                    "awards": [
                        "Filmfare Award for Best Female Debut"
                    ]
                }
            ],
            "genres": [
                "Action",
                "Biography",
                "Drama",
                "Sport"
            ],
            "releaseDetails": {
                "language": "Hindi",
                "country": "India"
            },
            "finance": {
                "budget": 700000000,
                "boxOffice": 2100000000,
                "profit": 1400000000,
                "currency": "INR"
            }
        },
        {
            "id": 6,
            "title": "Interstellar",
            "crew": {
                "director": "Christopher Nolan",
                "musicDirector": "Hans Zimmer",
                "productionCompany": "Paramount Pictures"
            },
            "cast": [
                {
                    "actorName": "Matthew McConaughey",
                    "role": "Joseph Cooper",
                    "awards": [
                        "Academy Award for Best Actor (Dallas Buyers Club)"
                    ]
                },
                {
                    "actorName": "Anne Hathaway",
                    "role": "Dr. Amelia Brand",
                    "awards": [
                        "Academy Award for Best Supporting Actress (Les Misérables)"
                    ]
                },
                {
                    "actorName": "Jessica Chastain",
                    "role": "Murph (adult)",
                    "awards": [
                        "Golden Globe Award for Best Actress"
                    ]
                }
            ],
            "genres": [
                "Adventure",
                "Drama",
                "Sci-Fi"
            ],
            "releaseDetails": {
                "language": "English",
                "country": "USA"
            },
            "finance": {
                "budget": 165000000,
                "boxOffice": 730000000,
                "profit": 565000000,
                "currency": "USD"
            }
        },
        {
            "id": 7,
            "title": "Spirited Away",
            "crew": {
                "director": "Hayao Miyazaki",
                "musicDirector": "Joe Hisaishi",
                "productionCompany": "Studio Ghibli"
            },
            "cast": [
                {
                    "actorName": "Rumi Hiiragi",
                    "role": "Chihiro Ogino",
                    "awards": [
                        
                    ]
                },
                {
                    "actorName": "Miyu Irino",
                    "role": "Haku",
                    "awards": [
                        
                    ]
                },
                {
                    "actorName": "Mari Natsuki",
                    "role": "Yubaba / Zeniba",
                    "awards": [
                        "Japan Academy Prize for Outstanding Performance"
                    ]
                }
            ],
            "genres": [
                "Animation",
                "Adventure",
                "Fantasy"
            ],
            "releaseDetails": {
                "language": "Japanese",
                "country": "Japan"
            },
            "finance": {
                "budget": 19000000,
                "boxOffice": 395800000,
                "profit": 376800000,
                "currency": "USD"
            }
        },
        {
            "id": 8,
            "title": "The Shawshank Redemption",
            "crew": {
                "director": "Frank Darabont",
                "musicDirector": "Thomas Newman",
                "productionCompany": "Castle Rock Entertainment"
            },
            "cast": [
                {
                    "actorName": "Tim Robbins",
                    "role": "Andy Dufresne",
                    "awards": [
                        "Screen Actors Guild Award Nominee"
                    ]
                },
                {
                    "actorName": "Morgan Freeman",
                    "role": "Ellis Boyd \"Red\" Redding",
                    "awards": [
                        "Academy Award for Best Actor Nominee",
                        "Golden Globe Nominee"
                    ]
                },
                {
                    "actorName": "Bob Gunton",
                    "role": "Warden Samuel Norton",
                    "awards": [
                        
                    ]
                }
            ],
            "genres": [
                "Drama"
            ],
            "releaseDetails": {
                "language": "English",
                "country": "USA"
            },
            "finance": {
                "budget": 25000000,
                "boxOffice": 58300000,
                "profit": 33300000,
                "currency": "USD"
            }
        },
        {
            "id": 9,
            "title": "RRR",
            "crew": {
                "director": "S.S. Rajamouli",
                "musicDirector": "M.M. Keeravani",
                "productionCompany": "DVV Entertainment"
            },
            "cast": [
                {
                    "actorName": "N.T. Rama Rao Jr.",
                    "role": "Komaram Bheem",
                    "awards": [
                        "Filmfare Award for Best Actor (Telugu)"
                    ]
                },
                {
                    "actorName": "Ram Charan",
                    "role": "Alluri Sitarama Raju",
                    "awards": [
                        "Filmfare Award for Best Actor (Telugu) Nominee"
                    ]
                },
                {
                    "actorName": "Alia Bhatt",
                    "role": "Sita",
                    "awards": [
                        "Filmfare Award for Best Actress"
                    ]
                }
            ],
            "genres": [
                "Action",
                "Drama",
                "Epic"
            ],
            "releaseDetails": {
                "language": "Telugu",
                "country": "India"
            },
            "finance": {
                "budget": 5500000000,
                "boxOffice": 12000000000,
                "profit": 6500000000,
                "currency": "INR"
            }
        },
        {
            "id": 10,
            "title": "Amélie",
            "crew": {
                "director": "Jean-Pierre Jeunet",
                "musicDirector": "Yann Tiersen",
                "productionCompany": "UGC Images"
            },
            "cast": [
                {
                    "actorName": "Audrey Tautou",
                    "role": "Amélie Poulain",
                    "awards": [
                        "César Award for Best Actress Nominee",
                        "BAFTA Award Nominee"
                    ]
                },
                {
                    "actorName": "Mathieu Kassovitz",
                    "role": "Nino Quincampoix",
                    "awards": [
                        "César Award for Best Director (La Haine)"
                    ]
                },
                {
                    "actorName": "Rufus",
                    "role": "Raphaël Poulain",
                    "awards": [
                        
                    ]
                }
            ],
            "genres": [
                "Comedy",
                "Romance"
            ],
            "releaseDetails": {
                "language": "French",
                "country": "France"
            },
            "finance": {
                "budget": 10000000,
                "boxOffice": 174200000,
                "profit": 164200000,
                "currency": "EUR"
            }
        }
    ]
}
HTTP/1.1 200 OK
X-Powered-By: Express
Access-Control-Allow-Origin: *
Content-Type: application/json; charset=utf-8
Content-Length: 6971
ETag: W/"1b3b-uZqbS8QEZ56OZXHB2kjIPi+XS68"
Date: Sat, 07 Mar 2026 23:38:21 GMT
Connection: keep-alive
Keep-Alive: timeout=5

{
    "page": 1,
    "limit": 100,
    "total": 11,
    "totalPages": 1,
    "data": [
        {
            "id": 1,
            "title": "The Dark Knight",
            "crew": {
                "director": "Christopher Nolan",
                "musicDirector": "Hans Zimmer",
                "productionCompany": "Warner Bros. Pictures"
            },
            "cast": [
                {
                    "actorName": "Christian Bale",
                    "role": "Bruce Wayne / Batman",
                    "awards": [
                        "Saturn Award for Best Actor"
                    ]
                },
                {
                    "actorName": "Heath Ledger",
                    "role": "The Joker",
                    "awards": [
                        "Academy Award for Best Supporting Actor",
                        "BAFTA Award for Best Actor in a Supporting Role"
                    ]
                },
                {
                    "actorName": "Aaron Eckhart",
                    "role": "Harvey Dent / Two-Face",
                    "awards": [
                        
                    ]
                }
            ],
            "genres": [
                "Action",
                "Crime",
                "Drama",
                "Thriller"
            ],
            "releaseDetails": {
                "language": "English",
                "country": "USA"
            },
            "finance": {
                "budget": 185000000,
                "boxOffice": 1006000000,
                "profit": 821000000,
                "currency": "USD"
            }
        },
        {
            "id": 2,
            "title": "Inception",
            "crew": {
                "director": "Christopher Nolan",
                "musicDirector": "Hans Zimmer",
                "productionCompany": "Legendary Entertainment"
            },
            "cast": [
                {
                    "actorName": "Leonardo DiCaprio",
                    "role": "Dom Cobb",
                    "awards": [
                        "Academy Award for Best Actor (The Revenant)"
                    ]
                },
                {
                    "actorName": "Joseph Gordon-Levitt",
                    "role": "Arthur",
                    "awards": [
                        "Independent Spirit Award"
                    ]
                },
                {
                    "actorName": "Elliot Page",
                    "role": "Ariadne",
                    "awards": [
                        "Academy Award for Best Picture (Nominee)"
                    ]
                }
            ],
            "genres": [
                "Action",
                "Sci-Fi",
                "Thriller"
            ],
            "releaseDetails": {
                "language": "English",
                "country": "USA"
            },
            "finance": {
                "budget": 160000000,
                "boxOffice": 837000000,
                "profit": 677000000,
                "currency": "USD"
            }
        },
        {
            "id": 3,
            "title": "Lagaan",
            "crew": {
                "director": "Ashutosh Gowariker",
                "musicDirector": "A.R. Rahman",
                "productionCompany": "Aamir Khan Productions"
            },
            "cast": [
                {
                    "actorName": "Aamir Khan",
                    "role": "Bhuvan",
                    "awards": [
                        "Filmfare Award for Best Actor"
                    ]
                },
                {
                    "actorName": "Gracy Singh",
                    "role": "Gauri",
                    "awards": [
                        "IIFA Award for Best Actress"
                    ]
                },
                {
                    "actorName": "Rachel Shelley",
                    "role": "Elizabeth Russell",
                    "awards": [
                        
                    ]
                }
            ],
            "genres": [
                "Drama",
                "Musical",
                "Sport"
            ],
            "releaseDetails": {
                "language": "Hindi",
                "country": "India"
            },
            "finance": {
                "budget": 250000000,
                "boxOffice": 659000000,
                "profit": 409000000,
                "currency": "INR"
            }
        },
        {
            "id": 4,
            "title": "Parasite",
            "crew": {
                "director": "Bong Joon-ho",
                "musicDirector": "Jung Jae-il",
                "productionCompany": "Barunson E&A"
            },
            "cast": [
                {
                    "actorName": "Song Kang-ho",
                    "role": "Kim Ki-taek",
                    "awards": [
                        "Screen Actors Guild Award for Outstanding Cast"
                    ]
                },
                {
                    "actorName": "Cho Yeo-jeong",
                    "role": "Park Yeon-gyo",
                    "awards": [
                        "Blue Dragon Film Award for Best Actress"
                    ]
                },
                {
                    "actorName": "Park So-dam",
                    "role": "Kim Ki-jung",
                    "awards": [
                        "Korean Association of Film Critics Award"
                    ]
                }
            ],
            "genres": [
                "Comedy",
                "Drama",
                "Thriller"
            ],
            "releaseDetails": {
                "language": "Korean",
                "country": "South Korea"
            },
            "finance": {
                "budget": 11400000,
                "boxOffice": 263000000,
                "profit": 251600000,
                "currency": "USD"
            }
        },
        {
            "id": 5,
            "title": "Dangal",
            "crew": {
                "director": "Nitesh Tiwari",
                "musicDirector": "Pritam",
                "productionCompany": "Aamir Khan Productions"
            },
            "cast": [
                {
                    "actorName": "Aamir Khan",
                    "role": "Mahavir Singh Phogat",
                    "awards": [
                        "Filmfare Award for Best Actor"
                    ]
                },
                {
                    "actorName": "Fatima Sana Shaikh",
                    "role": "Geeta Phogat",
                    "awards": [
                        "Zee Cine Award for Best Female Debut"
                    ]
                },
                {
                    "actorName": "Sanya Malhotra",
                    "role": "Babita Kumari",
                    "awards": [
                        "Filmfare Award for Best Female Debut"
                    ]
                }
            ],
            "genres": [
                "Action",
                "Biography",
                "Drama",
                "Sport"
            ],
            "releaseDetails": {
                "language": "Hindi",
                "country": "India"
            },
            "finance": {
                "budget": 700000000,
                "boxOffice": 2100000000,
                "profit": 1400000000,
                "currency": "INR"
            }
        },
        {
            "id": 6,
            "title": "Interstellar",
            "crew": {
                "director": "Christopher Nolan",
                "musicDirector": "Hans Zimmer",
                "productionCompany": "Paramount Pictures"
            },
            "cast": [
                {
                    "actorName": "Matthew McConaughey",
                    "role": "Joseph Cooper",
                    "awards": [
                        "Academy Award for Best Actor (Dallas Buyers Club)"
                    ]
                },
                {
                    "actorName": "Anne Hathaway",
                    "role": "Dr. Amelia Brand",
                    "awards": [
                        "Academy Award for Best Supporting Actress (Les Misérables)"
                    ]
                },
                {
                    "actorName": "Jessica Chastain",
                    "role": "Murph (adult)",
                    "awards": [
                        "Golden Globe Award for Best Actress"
                    ]
                }
            ],
            "genres": [
                "Adventure",
                "Drama",
                "Sci-Fi"
            ],
            "releaseDetails": {
                "language": "English",
                "country": "USA"
            },
            "finance": {
                "budget": 165000000,
                "boxOffice": 730000000,
                "profit": 565000000,
                "currency": "USD"
            }
        },
        {
            "id": 7,
            "title": "Spirited Away",
            "crew": {
                "director": "Hayao Miyazaki",
                "musicDirector": "Joe Hisaishi",
                "productionCompany": "Studio Ghibli"
            },
            "cast": [
                {
                    "actorName": "Rumi Hiiragi",
                    "role": "Chihiro Ogino",
                    "awards": [
                        
                    ]
                },
                {
                    "actorName": "Miyu Irino",
                    "role": "Haku",
                    "awards": [
                        
                    ]
                },
                {
                    "actorName": "Mari Natsuki",
                    "role": "Yubaba / Zeniba",
                    "awards": [
                        "Japan Academy Prize for Outstanding Performance"
                    ]
                }
            ],
            "genres": [
                "Animation",
                "Adventure",
                "Fantasy"
            ],
            "releaseDetails": {
                "language": "Japanese",
                "country": "Japan"
            },
            "finance": {
                "budget": 19000000,
                "boxOffice": 395800000,
                "profit": 376800000,
                "currency": "USD"
            }
        },
        {
            "id": 8,
            "title": "The Shawshank Redemption",
            "crew": {
                "director": "Frank Darabont",
                "musicDirector": "Thomas Newman",
                "productionCompany": "Castle Rock Entertainment"
            },
            "cast": [
                {
                    "actorName": "Tim Robbins",
                    "role": "Andy Dufresne",
                    "awards": [
                        "Screen Actors Guild Award Nominee"
                    ]
                },
                {
                    "actorName": "Morgan Freeman",
                    "role": "Ellis Boyd \"Red\" Redding",
                    "awards": [
                        "Academy Award for Best Actor Nominee",
                        "Golden Globe Nominee"
                    ]
                },
                {
                    "actorName": "Bob Gunton",
                    "role": "Warden Samuel Norton",
                    "awards": [
                        
                    ]
                }
            ],
            "genres": [
                "Drama"
            ],
            "releaseDetails": {
                "language": "English",
                "country": "USA"
            },
            "finance": {
                "budget": 25000000,
                "boxOffice": 58300000,
                "profit": 33300000,
                "currency": "USD"
            }
        },
        {
            "id": 9,
            "title": "RRR",
            "crew": {
                "director": "S.S. Rajamouli",
                "musicDirector": "M.M. Keeravani",
                "productionCompany": "DVV Entertainment"
            },
            "cast": [
                {
                    "actorName": "N.T. Rama Rao Jr.",
                    "role": "Komaram Bheem",
                    "awards": [
                        "Filmfare Award for Best Actor (Telugu)"
                    ]
                },
                {
                    "actorName": "Ram Charan",
                    "role": "Alluri Sitarama Raju",
                    "awards": [
                        "Filmfare Award for Best Actor (Telugu) Nominee"
                    ]
                },
                {
                    "actorName": "Alia Bhatt",
                    "role": "Sita",
                    "awards": [
                        "Filmfare Award for Best Actress"
                    ]
                }
            ],
            "genres": [
                "Action",
                "Drama",
                "Epic"
            ],
            "releaseDetails": {
                "language": "Telugu",
                "country": "India"
            },
            "finance": {
                "budget": 5500000000,
                "boxOffice": 12000000000,
                "profit": 6500000000,
                "currency": "INR"
            }
        },
        {
            "id": 10,
            "title": "Amélie",
            "crew": {
                "director": "Jean-Pierre Jeunet",
                "musicDirector": "Yann Tiersen",
                "productionCompany": "UGC Images"
            },
            "cast": [
                {
                    "actorName": "Audrey Tautou",
[...]
        "productionCompany": "Legendary Entertainment"
    },
    "cast": [
        {
            "actorName": "Leonardo DiCaprio",
            "role": "Dom Cobb",
            "awards": [
                "Academy Award for Best Actor (The Revenant)"
            ]
        },
        {
            "actorName": "Joseph Gordon-Levitt",
            "role": "Arthur",
            "awards": [
                "Independent Spirit Award"
            ]
        },
        {
            "actorName": "Elliot Page",
            "role": "Ariadne",
            "awards": [
                "Academy Award for Best Picture (Nominee)"
            ]
        }
    ],
    "genres": [
        "Action",
        "Sci-Fi",
        "Thriller"
    ],
    "releaseDetails": {
        "language": "English",
        "country": "USA"
    },
    "finance": {
        "budget": 160000000,
        "boxOffice": 837000000,
        "profit": 677000000,
        "currency": "USD"
    }
}
]]></system-out>
  </testcase>
  <testcase name="searchByMovieTitleReturnsSingleExactMatch" classname="com.moviedb.tests.movies.MovieRetrievalTests" time="0.756">
    <system-out><![CDATA[18:38:21.987 [TestNG-test-Movie related tests-1] &amp#27;[32mINFO &amp#27;[m [searchByMovieTitleReturnsSingleExactMatch] (com.moviedb.tests.movies.MovieRetrievalTests: 30) - Step 1: MovieActions.getMoviesByTitle(movieTitle)
Request method:	GET
Request URI:	http://localhost:4000/movies/search?name=RRR
Proxy:			<none>
Request params:	<none>
Query params:	name=RRR
Form params:	<none>
Path params:	<none>
Headers:		Authorization=Bearer eyJhbGciOiJIUzI1NiIsInR5cCI6IkpXVCJ9.eyJ1c2VybmFtZSI6ImFkbWluIiwicm9sZSI6ImFkbWluIiwiaWF0IjoxNzcyOTI2Njk5LCJleHAiOjE3NzMwMTMwOTl9.IEUOfxUehs-ZTJh87t-lDGFCNTVwy5EneeatHZcbfNs
				Accept=*/*
				Content-Type=application/json
Cookies:		<none>
Multiparts:		<none>
Body:			<none>
poster-731b4594-b0a4-4d8e-b62e-1e646197dac7.png
18:38:22.011 [TestNG-test-Movie related tests-3] &amp#27;[32mINFO &amp#27;[m [searchByMovieTitleReturnsAllPartialTitleMatchingMovies] (com.moviedb.tests.movies.MovieRetrievalTests: 57) - Step 2: Validating API response
18:38:22.014 [TestNG-test-Movie related tests-1] &amp#27;[32mINFO &amp#27;[m [searchByMovieTitleReturnsSingleExactMatch] (com.moviedb.tests.movies.MovieRetrievalTests: 35) - Step 2: Validating API response
HTTP/1.1 200 OK
X-Powered-By: Express
Access-Control-Allow-Origin: *
Content-Type: application/json; charset=utf-8
Content-Length: 659
ETag: W/"293-lp/06KZtB45xeBeZgEXF224nLEY"
Date: Sat, 07 Mar 2026 23:38:22 GMT
Connection: keep-alive
Keep-Alive: timeout=5

{
    "total": 1,
    "data": [
        {
            "id": 9,
            "title": "RRR",
            "crew": {
                "director": "S.S. Rajamouli",
                "musicDirector": "M.M. Keeravani",
                "productionCompany": "DVV Entertainment"
            },
            "cast": [
                {
                    "actorName": "N.T. Rama Rao Jr.",
                    "role": "Komaram Bheem",
                    "awards": [
                        "Filmfare Award for Best Actor (Telugu)"
                    ]
                },
                {
                    "actorName": "Ram Charan",
                    "role": "Alluri Sitarama Raju",
                    "awards": [
                        "Filmfare Award for Best Actor (Telugu) Nominee"
                    ]
                },
                {
                    "actorName": "Alia Bhatt",
                    "role": "Sita",
                    "awards": [
                        "Filmfare Award for Best Actress"
                    ]
                }
            ],
            "genres": [
                "Action",
                "Drama",
                "Epic"
            ],
            "releaseDetails": {
                "language": "Telugu",
                "country": "India"
            },
            "finance": {
                "budget": 5500000000,
                "boxOffice": 12000000000,
                "profit": 6500000000,
                "currency": "INR"
            }
        }
    ]
}
image/png
HTTP/1.1 200 OK
X-Powered-By: Express
Access-Control-Allow-Origin: *
Content-Type: application/json; charset=utf-8
Content-Length: 5657
ETag: W/"1619-QWSEayqbrBeH3mahKVbsd3qGdGM"
Date: Sat, 07 Mar 2026 23:38:21 GMT
Connection: keep-alive
Keep-Alive: timeout=5

{
    "total": 9,
    "data": [
        {
            "id": 1,
            "title": "The Dark Knight",
            "crew": {
                "director": "Christopher Nolan",
                "musicDirector": "Hans Zimmer",
                "productionCompany": "Warner Bros. Pictures"
            },
            "cast": [
                {
                    "actorName": "Christian Bale",
                    "role": "Bruce Wayne / Batman",
                    "awards": [
                        "Saturn Award for Best Actor"
                    ]
                },
                {
                    "actorName": "Heath Ledger",
                    "role": "The Joker",
                    "awards": [
                        "Academy Award for Best Supporting Actor",
                        "BAFTA Award for Best Actor in a Supporting Role"
                    ]
                },
                {
                    "actorName": "Aaron Eckhart",
                    "role": "Harvey Dent / Two-Face",
                    "awards": [
                        
                    ]
                }
            ],
            "genres": [
                "Action",
                "Crime",
                "Drama",
                "Thriller"
            ],
            "releaseDetails": {
                "language": "English",
                "country": "USA"
            },
            "finance": {
                "budget": 185000000,
                "boxOffice": 1006000000,
                "profit": 821000000,
                "currency": "USD"
            }
        },
        {
            "id": 3,
            "title": "Lagaan",
            "crew": {
                "director": "Ashutosh Gowariker",
                "musicDirector": "A.R. Rahman",
                "productionCompany": "Aamir Khan Productions"
            },
            "cast": [
                {
                    "actorName": "Aamir Khan",
                    "role": "Bhuvan",
                    "awards": [
                        "Filmfare Award for Best Actor"
                    ]
                },
                {
                    "actorName": "Gracy Singh",
                    "role": "Gauri",
                    "awards": [
                        "IIFA Award for Best Actress"
                    ]
                },
                {
                    "actorName": "Rachel Shelley",
                    "role": "Elizabeth Russell",
                    "awards": [
                        
                    ]
                }
            ],
            "genres": [
                "Drama",
                "Musical",
                "Sport"
            ],
            "releaseDetails": {
                "language": "Hindi",
                "country": "India"
            },
            "finance": {
                "budget": 250000000,
                "boxOffice": 659000000,
                "profit": 409000000,
                "currency": "INR"
            }
        },
        {
            "id": 4,
            "title": "Parasite",
            "crew": {
                "director": "Bong Joon-ho",
                "musicDirector": "Jung Jae-il",
                "productionCompany": "Barunson E&A"
            },
            "cast": [
                {
                    "actorName": "Song Kang-ho",
                    "role": "Kim Ki-taek",
                    "awards": [
                        "Screen Actors Guild Award for Outstanding Cast"
                    ]
                },
                {
                    "actorName": "Cho Yeo-jeong",
                    "role": "Park Yeon-gyo",
                    "awards": [
                        "Blue Dragon Film Award for Best Actress"
                    ]
                },
                {
                    "actorName": "Park So-dam",
                    "role": "Kim Ki-jung",
                    "awards": [
                        "Korean Association of Film Critics Award"
                    ]
                }
            ],
            "genres": [
                "Comedy",
                "Drama",
                "Thriller"
            ],
            "releaseDetails": {
                "language": "Korean",
                "country": "South Korea"
            },
            "finance": {
                "budget": 11400000,
                "boxOffice": 263000000,
                "profit": 251600000,
                "currency": "USD"
            }
        },
        {
            "id": 5,
            "title": "Dangal",
            "crew": {
                "director": "Nitesh Tiwari",
                "musicDirector": "Pritam",
                "productionCompany": "Aamir Khan Productions"
            },
            "cast": [
                {
                    "actorName": "Aamir Khan",
                    "role": "Mahavir Singh Phogat",
                    "awards": [
                        "Filmfare Award for Best Actor"
                    ]
                },
                {
                    "actorName": "Fatima Sana Shaikh",
                    "role": "Geeta Phogat",
                    "awards": [
                        "Zee Cine Award for Best Female Debut"
                    ]
                },
                {
                    "actorName": "Sanya Malhotra",
                    "role": "Babita Kumari",
                    "awards": [
                        "Filmfare Award for Best Female Debut"
                    ]
                }
            ],
            "genres": [
                "Action",
                "Biography",
                "Drama",
                "Sport"
            ],
            "releaseDetails": {
                "language": "Hindi",
                "country": "India"
            },
            "finance": {
                "budget": 700000000,
                "boxOffice": 2100000000,
                "profit": 1400000000,
                "currency": "INR"
            }
        },
        {
            "id": 6,
            "title": "Interstellar",
            "crew": {
                "director": "Christopher Nolan",
                "musicDirector": "Hans Zimmer",
                "productionCompany": "Paramount Pictures"
            },
            "cast": [
                {
                    "actorName": "Matthew McConaughey",
                    "role": "Joseph Cooper",
                    "awards": [
                        "Academy Award for Best Actor (Dallas Buyers Club)"
                    ]
                },
                {
                    "actorName": "Anne Hathaway",
                    "role": "Dr. Amelia Brand",
                    "awards": [
                        "Academy Award for Best Supporting Actress (Les Misérables)"
                    ]
                },
                {
                    "actorName": "Jessica Chastain",
                    "role": "Murph (adult)",
                    "awards": [
                        "Golden Globe Award for Best Actress"
                    ]
                }
            ],
            "genres": [
                "Adventure",
                "Drama",
                "Sci-Fi"
            ],
            "releaseDetails": {
                "language": "English",
                "country": "USA"
            },
            "finance": {
                "budget": 165000000,
                "boxOffice": 730000000,
                "profit": 565000000,
                "currency": "USD"
            }
        },
        {
            "id": 7,
            "title": "Spirited Away",
            "crew": {
                "director": "Hayao Miyazaki",
                "musicDirector": "Joe Hisaishi",
                "productionCompany": "Studio Ghibli"
            },
            "cast": [
                {
                    "actorName": "Rumi Hiiragi",
                    "role": "Chihiro Ogino",
                    "awards": [
                        
                    ]
                },
                {
                    "actorName": "Miyu Irino",
                    "role": "Haku",
                    "awards": [
                        
                    ]
                },
                {
                    "actorName": "Mari Natsuki",
                    "role": "Yubaba / Zeniba",
                    "awards": [
                        "Japan Academy Prize for Outstanding Performance"
                    ]
                }
            ],
            "genres": [
                "Animation",
                "Adventure",
                "Fantasy"
            ],
            "releaseDetails": {
                "language": "Japanese",
                "country": "Japan"
            },
            "finance": {
                "budget": 19000000,
                "boxOffice": 395800000,
                "profit": 376800000,
                "currency": "USD"
            }
        },
        {
            "id": 8,
            "title": "The Shawshank Redemption",
            "crew": {
                "director": "Frank Darabont",
                "musicDirector": "Thomas Newman",
                "productionCompany": "Castle Rock Entertainment"
            },
            "cast": [
                {
                    "actorName": "Tim Robbins",
                    "role": "Andy Dufresne",
                    "awards": [
                        "Screen Actors Guild Award Nominee"
                    ]
                },
                {
                    "actorName": "Morgan Freeman",
                    "role": "Ellis Boyd \"Red\" Redding",
                    "awards": [
                        "Academy Award for Best Actor Nominee",
                        "Golden Globe Nominee"
                    ]
                },
                {
                    "actorName": "Bob Gunton",
                    "role": "Warden Samuel Norton",
                    "awards": [
                        
                    ]
                }
            ],
            "genres": [
                "Drama"
            ],
            "releaseDetails": {
                "language": "English",
                "country": "USA"
            },
            "finance": {
                "budget": 25000000,
                "boxOffice": 58300000,
                "profit": 33300000,
                "currency": "USD"
            }
        },
        {
            "id": 10,
            "title": "Amélie",
            "crew": {
                "director": "Jean-Pierre Jeunet",
                "musicDirector": "Yann Tiersen",
                "productionCompany": "UGC Images"
            },
            "cast": [
                {
                    "actorName": "Audrey Tautou",
                    "role": "Amélie Poulain",
                    "awards": [
                        "César Award for Best Actress Nominee",
                        "BAFTA Award Nominee"
                    ]
                },
                {
                    "actorName": "Mathieu Kassovitz",
                    "role": "Nino Quincampoix",
                    "awards": [
                        "César Award for Best Director (La Haine)"
                    ]
                },
                {
                    "actorName": "Rufus",
                    "role": "Raphaël Poulain",
                    "awards": [
                        
                    ]
                }
            ],
            "genres": [
                "Comedy",
                "Romance"
            ],
            "releaseDetails": {
                "language": "French",
                "country": "France"
            },
            "finance": {
                "budget": 10000000,
                "boxOffice": 174200000,
                "profit": 164200000,
                "currency": "EUR"
            }
        },
        {
            "id": 18,
            "title": "Consider Phlebas",
            "crew": {
                "director": "Rubens",
                "musicDirector": "Pissarro",
                "productionCompany": "Yost, Cassin and Turcotte"
            },
            "cast": [
                {
                    "actorName": "Titian",
                    "role": "Rothko",
                    "awards": [
                        "College",
                        "Academy"
                    ]
                },
                {
                    "actorName": "Pollock",
                    "role": "Pissarro",
                    "awards": [
                        "University"
                    ]
                },
                {
                    "actorName": "Michelangelo",
                    "role": "Pollock",
                    "awards": [
                        "College"
                    ]
                }
            ],
            "genres": [
                "Suspense/Thriller",
                "Western",
                "Narrative nonfiction"
            ],
            "releaseDetails": {
                "language": "Bahrain",
                "country": "Paraguay"
            },
            "finance": {
                "budget": 69970000,
                "boxOffice": 41520000,
                "profit": 78330000,
                "currency": "UAE Dirham"
            }
        }
    ]
}
]]></system-out>
  </testcase>
  <testcase name="searchByMovieTitleReturnsAllPartialTitleMatchingMovies" classname="com.moviedb.tests.movies.MovieRetrievalTests" time="0.756"/>
  <testcase name="givenAllAPIsAreUp_whenHealthCheckIsPerformed_thenReturn200" classname="com.moviedb.tests.system.SystemTests" time="0.048">
    <system-out><![CDATA[Request method:	DELETE
Request URI:	http://localhost:4000/movies/18
Proxy:			<none>
Request params:	<none>
Query params:	<none>
Form params:	<none>
Path params:	id=18
Headers:		Authorization=Bearer eyJhbGciOiJIUzI1NiIsInR5cCI6IkpXVCJ9.eyJ1c2VybmFtZSI6ImFkbWluIiwicm9sZSI6ImFkbWluIiwiaWF0IjoxNzcyOTI2Njk5LCJleHAiOjE3NzMwMTMwOTl9.IEUOfxUehs-ZTJh87t-lDGFCNTVwy5EneeatHZcbfNs
				Accept=*/*
				Content-Type=application/json
Cookies:		<none>
Multiparts:		<none>
Body:			<none>
18:38:22.033 [TestNG-test-Movie related tests-2] &amp#27;[32mINFO &amp#27;[m [] (com.moviedb.tests.movies.MovieCrudTests: 239) - In CleanUp > Cleaned up Movie ID: 18
Cleaned up Movie ID: 18
18:38:22.064 [TestNG-test-System related tests-1] &amp#27;[32mINFO &amp#27;[m [givenAllAPIsAreUp_whenHealthCheckIsPerformed_thenReturn200] (com.moviedb.tests.system.SystemTests: 21) - Step 1: Calling Health Check API
Request method:	GET
Request URI:	http://localhost:4000/health
Proxy:			<none>
Request params:	<none>
Query params:	<none>
Form params:	<none>
Path params:	<none>
Headers:		Authorization=Bearer eyJhbGciOiJIUzI1NiIsInR5cCI6IkpXVCJ9.eyJ1c2VybmFtZSI6ImFkbWluIiwicm9sZSI6ImFkbWluIiwiaWF0IjoxNzcyOTI2Njk5LCJleHAiOjE3NzMwMTMwOTl9.IEUOfxUehs-ZTJh87t-lDGFCNTVwy5EneeatHZcbfNs
				Accept=*/*
				Content-Type=application/json
Cookies:		<none>
Multiparts:		<none>
Body:			<none>
18:38:22.081 [TestNG-test-System related tests-1] &amp#27;[32mINFO &amp#27;[m [givenAllAPIsAreUp_whenHealthCheckIsPerformed_thenReturn200] (com.moviedb.tests.system.SystemTests: 26) - Step 2: Validating API response
HTTP/1.1 200 OK
X-Powered-By: Express
Access-Control-Allow-Origin: *
Content-Type: application/json; charset=utf-8
Content-Length: 54
ETag: W/"36-p78uiNIj44TjC3T9H6M8L8i/ERk"
Date: Sat, 07 Mar 2026 23:38:22 GMT
Connection: keep-alive
Keep-Alive: timeout=5

{
    "status": "UP",
    "timestamp": "2026-03-07T23:38:22.075Z"
}
]]></system-out>
  </testcase>
</testsuite>