<?xml version="1.0" encoding="UTF-8"?>
<testng-results ignored="0" total="4" passed="4" failed="0" skipped="0">
  <reporter-output>
  </reporter-output>
  <suite started-at="2026-03-04T07:44:40 EST" name="Default suite" finished-at="2026-03-04T07:44:43 EST" duration-ms="2918">
    <groups>
    </groups>
    <test started-at="2026-03-04T07:44:40 EST" name="Default test" finished-at="2026-03-04T07:44:43 EST" duration-ms="2918">
      <class name="com.moviedb.tests.movies.MovieCrudTests">
        <test-method is-config="true" signature="createMovie()[pri:0, instance:com.moviedb.tests.movies.MovieCrudTests@3d246ea3]" started-at="2026-03-04T07:44:40 EST" name="createMovie" finished-at="2026-03-04T07:44:40 EST" duration-ms="17" status="PASS">
          <reporter-output>
          </reporter-output>
        </test-method> <!-- createMovie -->
        <test-method signature="givenValidMovieDetails_whenCreatingMovie_thenStatusIs201()[pri:0, instance:com.moviedb.tests.movies.MovieCrudTests@3d246ea3]" started-at="2026-03-04T07:44:40 EST" name="givenValidMovieDetails_whenCreatingMovie_thenStatusIs201" description="Ensure that new movie is created when movie details provided is valid" finished-at="2026-03-04T07:44:43 EST" duration-ms="2663" status="PASS">
          <reporter-output>
          </reporter-output>
        </test-method> <!-- givenValidMovieDetails_whenCreatingMovie_thenStatusIs201 -->
        <test-method signature="givenValidMovieId_whenUpdatingMovie_thenStatusIs200()[pri:0, instance:com.moviedb.tests.movies.MovieCrudTests@3d246ea3]" started-at="2026-03-04T07:44:43 EST" name="givenValidMovieId_whenUpdatingMovie_thenStatusIs200" description="Ensure that movie information is updated when valid movie id is provided" finished-at="2026-03-04T07:44:43 EST" depends-on-methods="com.moviedb.tests.movies.MovieCrudTests.givenValidMovieDetails_whenCreatingMovie_thenStatusIs201" duration-ms="67" status="PASS">
          <reporter-output>
          </reporter-output>
        </test-method> <!-- givenValidMovieId_whenUpdatingMovie_thenStatusIs200 -->
        <test-method signature="patchUpdateMovieTitleSuccessfully()[pri:0, instance:com.moviedb.tests.movies.MovieCrudTests@3d246ea3]" started-at="2026-03-04T07:44:43 EST" name="patchUpdateMovieTitleSuccessfully" description="Verify that a movie title can be partially updated using PATCH" finished-at="2026-03-04T07:44:43 EST" depends-on-methods="com.moviedb.tests.movies.MovieCrudTests.givenValidMovieId_whenUpdatingMovie_thenStatusIs200" duration-ms="71" status="PASS">
          <reporter-output>
          </reporter-output>
        </test-method> <!-- patchUpdateMovieTitleSuccessfully -->
        <test-method signature="givenValidMovieId_whenDeletingMovie_thenStatusIs200()[pri:0, instance:com.moviedb.tests.movies.MovieCrudTests@3d246ea3]" started-at="2026-03-04T07:44:43 EST" name="givenValidMovieId_whenDeletingMovie_thenStatusIs200" description="Ensure that a 200 OK is returned when a valid movie ID is deleted by an authorized user" finished-at="2026-03-04T07:44:43 EST" depends-on-methods="com.moviedb.tests.movies.MovieCrudTests.patchUpdateMovieTitleSuccessfully" duration-ms="29" status="PASS">
          <reporter-output>
          </reporter-output>
        </test-method> <!-- givenValidMovieId_whenDeletingMovie_thenStatusIs200 -->
        <test-method is-config="true" signature="deleteMovie()[pri:0, instance:com.moviedb.tests.movies.MovieCrudTests@3d246ea3]" started-at="2026-03-04T07:44:43 EST" name="deleteMovie" finished-at="2026-03-04T07:44:43 EST" duration-ms="20" status="PASS">
          <reporter-output>
          </reporter-output>
        </test-method> <!-- deleteMovie -->
      </class> <!-- com.moviedb.tests.movies.MovieCrudTests -->
    </test> <!-- Default test -->
  </suite> <!-- Default suite -->
</testng-results>
