<?xml version="1.0" encoding="UTF-8"?>
<!-- Generated by org.testng.reporters.JUnitXMLReporter -->
<testsuite ignored="0" hostname="LAPTOP-SBTGQ5S3" failures="0" tests="17" name="Movie related tests" time="1.374" errors="0" timestamp="2026-03-07T18:38:22 EST">
  <testcase classname="com.moviedb.tests.movies.MovieCrudTests" name="shouldBeAbleToCreateAMovie" time="0.772"/>
  <testcase classname="com.moviedb.tests.movies.MovieCrudTests" name="shouldBeAbleToDeleteAMovie" time="0.815"/>
  <testcase classname="com.moviedb.tests.movies.MovieCrudTests" name="shouldBeAbleToCreateMultipleMoviesInASingleRequest" time="0.844"/>
  <testcase classname="com.moviedb.tests.movies.MovieCrudTests" name="shouldBeAbleToUpdateAMovie" time="0.196"/>
  <testcase classname="com.moviedb.tests.movies.MovieCrudTests" name="shouldBeAbleToPatchUpdateAMovieTitleSuccessfully" time="0.226"/>
  <testcase classname="com.moviedb.tests.movies.MovieNegativeTests" name="givenInvalidMovieDetails_whenCreatingMovie_thenStatusIs404" time="0.057"/>
  <testcase classname="com.moviedb.tests.movies.MovieNegativeTests" name="givenInvalidMovieId_whenDeletingMovie_thenStatusIs404" time="0.048"/>
  <testcase classname="com.moviedb.tests.movies.MovieNegativeTests" name="givenInvalidToken_whenRequestingMovies_thenReturns401" time="0.027"/>
  <testcase classname="com.moviedb.tests.movies.MovieNegativeTests" name="givenNoToken_whenRequestingMovies_thenReturns401" time="0.016"/>
  <testcase classname="com.moviedb.tests.movies.MovieNegativeTests" name="patchUpdateMovieTitleFailure" time="0.043"/>
  <testcase classname="com.moviedb.tests.movies.MovieNegativeTests" name="givenInvalidMovieId_whenRequestingMovieInfo_thenStatusIs404" time="0.112"/>
  <testcase classname="com.moviedb.tests.movies.MovieRetrievalTests" name="listMoviesWithDefaultPagination" time="0.047"/>
  <testcase classname="com.moviedb.tests.movies.MovieRetrievalTests" name="listMoviesWithPagination" time="0.037"/>
  <testcase classname="com.moviedb.tests.movies.MovieRetrievalTests" name="searchByMovieIdReturnsSingleExactMatch" time="0.024"/>
  <testcase classname="com.moviedb.tests.movies.MovieRetrievalTests" name="searchByMovieTitleReturnsSingleExactMatch" time="0.036"/>
  <testcase classname="com.moviedb.tests.movies.MovieRetrievalTests" name="searchByMovieTitleReturnsAllPartialTitleMatchingMovies" time="0.061"/>
  <testcase classname="com.moviedb.tests.movies.MovieCrudTests" name="shouldBeAbleToUploadMoviePosterSuccessfully" time="0.382"/>
</testsuite> <!-- Movie related tests -->
