<?xml version="1.0" encoding="UTF-8"?>
<!-- Generated by org.testng.reporters.JUnitReportReporter -->
<testsuite hostname="LAPTOP-SBTGQ5S3" failures="0" tests="1" name="com.moviedb.tests.system.DatabaseCleanUp" time="1.764" errors="1" timestamp="2026-03-07T06:57:30 EST" skipped="0">
  <testcase classname="com.moviedb.tests.system.DatabaseCleanUp" name="globalSetUp" time="1.764">
    <error message="Failed to login! Status: 400 Body: {&quot;timestamp&quot;:&quot;2026-03-07T11:57:30.173Z&quot;,&quot;status&quot;:400,&quot;error&quot;:&quot;Internal Server Error&quot;,&quot;message&quot;:&quot;Unexpected token a in JSON at position 14&quot;}" type="java.lang.RuntimeException">
      <![CDATA[java.lang.RuntimeException: Failed to login! Status: 400 Body: {"timestamp":"2026-03-07T11:57:30.173Z","status":400,"error":"Internal Server Error","message":"Unexpected token a in JSON at position 14"}
at api.utils.AuthManager.generateNewToken(AuthManager.java:50)
at api.utils.AuthManager.getToken(AuthManager.java:28)
at com.moviedb.api.SpecBuilder.getRequestSpecification(SpecBuilder.java:15)
at com.moviedb.actions.SystemActions.resetDatabase(SystemActions.java:21)
at com.moviedb.tests.system.DatabaseCleanUp.globalSetUp(DatabaseCleanUp.java:24)
at java.base/jdk.internal.reflect.DirectMethodHandleAccessor.invoke(DirectMethodHandleAccessor.java:103)
at java.base/java.lang.reflect.Method.invoke(Method.java:580)
at org.testng.internal.invokers.MethodInvocationHelper.invokeMethod(MethodInvocationHelper.java:141)
at org.testng.internal.invokers.MethodInvocationHelper.invokeMethodConsideringTimeout(MethodInvocationHelper.java:71)
at org.testng.internal.invokers.ConfigInvoker.invokeConfigurationMethod(ConfigInvoker.java:400)
at org.testng.internal.invokers.ConfigInvoker.invokeConfigurations(ConfigInvoker.java:333)
at org.testng.SuiteRunner.privateRun(SuiteRunner.java:358)
at org.testng.SuiteRunner.run(SuiteRunner.java:312)
at org.testng.SuiteRunnerWorker.runSuite(SuiteRunnerWorker.java:52)
at org.testng.SuiteRunnerWorker.run(SuiteRunnerWorker.java:95)
at org.testng.TestNG.runSuitesSequentially(TestNG.java:1274)
at org.testng.TestNG.runSuitesLocally(TestNG.java:1208)
at org.testng.TestNG.runSuites(TestNG.java:1112)
at org.testng.TestNG.run(TestNG.java:1079)
at org.testng.remote.AbstractRemoteTestNG.run(AbstractRemoteTestNG.java:115)
at org.testng.remote.RemoteTestNG.initAndRun(RemoteTestNG.java:293)
at org.testng.remote.RemoteTestNG.main(RemoteTestNG.java:91)
]]>
    </error>
  </testcase> <!-- globalSetUp -->
</testsuite> <!-- com.moviedb.tests.system.DatabaseCleanUp -->
