<?xml version="1.0" encoding="UTF-8"?>
<!-- Generated by org.testng.reporters.JUnitReportReporter -->
<testsuite hostname="LAPTOP-SBTGQ5S3" failures="0" tests="4" name="com.moviedb.tests.movies.MovieCrudTests" time="2.830" errors="0" timestamp="2026-03-04T07:44:43 EST" skipped="0">
  <testcase classname="com.moviedb.tests.movies.MovieCrudTests" name="patchUpdateMovieTitleSuccessfully" time="0.071"/>
  <testcase classname="com.moviedb.tests.movies.MovieCrudTests" name="givenValidMovieDetails_whenCreatingMovie_thenStatusIs201" time="2.663"/>
  <testcase classname="com.moviedb.tests.movies.MovieCrudTests" name="givenValidMovieId_whenDeletingMovie_thenStatusIs200" time="0.029"/>
  <testcase classname="com.moviedb.tests.movies.MovieCrudTests" name="givenValidMovieId_whenUpdatingMovie_thenStatusIs200" time="0.067"/>
</testsuite> <!-- com.moviedb.tests.movies.MovieCrudTests -->
