<?xml version="1.0" encoding="UTF-8"?>
<!-- Generated by org.testng.reporters.JUnitReportReporter -->
<testsuite hostname="LAPTOP-SBTGQ5S3" failures="0" tests="6" name="com.moviedb.tests.movies.MovieNegativeTests" time="0.382" errors="0" timestamp="2026-03-07T07:19:47 EST" skipped="0">
  <testcase classname="com.moviedb.tests.movies.MovieNegativeTests" name="givenInvalidMovieId_whenRequestingMovieInfo_thenStatusIs404" time="0.136"/>
  <testcase classname="com.moviedb.tests.movies.MovieNegativeTests" name="givenNoToken_whenRequestingMovies_thenReturns401" time="0.018"/>
  <testcase classname="com.moviedb.tests.movies.MovieNegativeTests" name="patchUpdateMovieTitleFailure" time="0.059"/>
  <testcase classname="com.moviedb.tests.movies.MovieNegativeTests" name="givenInvalidMovieId_whenDeletingMovie_thenStatusIs404" time="0.061"/>
  <testcase classname="com.moviedb.tests.movies.MovieNegativeTests" name="givenInvalidMovieDetails_whenCreatingMovie_thenStatusIs404" time="0.069"/>
  <testcase classname="com.moviedb.tests.movies.MovieNegativeTests" name="givenInvalidToken_whenRequestingMovies_thenReturns401" time="0.039"/>
</testsuite> <!-- com.moviedb.tests.movies.MovieNegativeTests -->
