<?xml version="1.0" encoding="UTF-8"?>
<!-- Generated by org.testng.reporters.JUnitReportReporter -->
<testsuite hostname="LAPTOP-SBTGQ5S3" failures="0" tests="7" name="com.moviedb.tests.movies.MovieFunctionalTests" time="1.018" errors="0" timestamp="2026-02-28T23:02:54 EST" skipped="0">
  <testcase classname="com.moviedb.tests.movies.MovieFunctionalTests" name="givenValidMovieId_whenRequestingMovieInfo_thenStatusIs200" time="0.141"/>
  <testcase classname="com.moviedb.tests.movies.MovieFunctionalTests" name="givenAuthorizedUser_whenRequestingAllMovieDetails_thenReturnsList" time="0.319"/>
  <testcase classname="com.moviedb.tests.movies.MovieFunctionalTests" name="givenValidMovieDetailsViaPOJO_whenCreatingMovie_thenStatusIs201" time="0.423"/>
  <testcase classname="com.moviedb.tests.movies.MovieFunctionalTests" name="givenValidMovieId_whenDeletingMovie_thenStatusIs200" time="0.018"/>
  <testcase classname="com.moviedb.tests.movies.MovieFunctionalTests" name="givenValidMovieDetails_whenCreatingMovie_thenStatusIs201" time="0.048"/>
  <testcase classname="com.moviedb.tests.movies.MovieFunctionalTests" name="givenValidMovieId_whenUpdatingMovie_thenStatusIs200" time="0.041"/>
  <testcase classname="com.moviedb.tests.movies.MovieFunctionalTests" name="givenValidMovieIdUsingPOJO_whenUpdatingMovie_thenStatusIs200" time="0.028"/>
</testsuite> <!-- com.moviedb.tests.movies.MovieFunctionalTests -->
