<?xml version="1.0" encoding="UTF-8"?>
<!-- Generated by org.testng.reporters.JUnitReportReporter -->
<testsuite hostname="LAPTOP-SBTGQ5S3" failures="0" tests="5" name="com.moviedb.tests.movies.MovieRetrievalTests" time="3.546" errors="0" timestamp="2026-03-04T06:19:29 EST" skipped="0">
  <testcase classname="com.moviedb.tests.movies.MovieRetrievalTests" name="listMoviesWithPagination" time="0.063"/>
  <testcase classname="com.moviedb.tests.movies.MovieRetrievalTests" name="searchByMovieTitleReturnsAllPartialTitleMatchingMovies" time="0.076"/>
  <testcase classname="com.moviedb.tests.movies.MovieRetrievalTests" name="listMoviesWithDefaultPagination" time="3.250"/>
  <testcase classname="com.moviedb.tests.movies.MovieRetrievalTests" name="searchByMovieIdReturnsSingleExactMatch" time="0.134"/>
  <testcase classname="com.moviedb.tests.movies.MovieRetrievalTests" name="searchByMovieTitleReturnsSingleExactMatch" time="0.023"/>
</testsuite> <!-- com.moviedb.tests.movies.MovieRetrievalTests -->
