<?xml version="1.0" encoding="UTF-8"?>
<!-- Generated by org.testng.reporters.JUnitReportReporter -->
<testsuite hostname="LAPTOP-SBTGQ5S3" failures="0" tests="5" name="com.moviedb.tests.movies.MovieRetrievalTests" time="0.205" errors="0" timestamp="2026-03-07T18:38:22 EST" skipped="0">
  <testcase classname="com.moviedb.tests.movies.MovieRetrievalTests" name="searchByMovieTitleReturnsSingleExactMatch" time="0.036"/>
  <testcase classname="com.moviedb.tests.movies.MovieRetrievalTests" name="listMoviesWithPagination" time="0.037"/>
  <testcase classname="com.moviedb.tests.movies.MovieRetrievalTests" name="searchByMovieIdReturnsSingleExactMatch" time="0.024"/>
  <testcase classname="com.moviedb.tests.movies.MovieRetrievalTests" name="listMoviesWithDefaultPagination" time="0.047"/>
  <testcase classname="com.moviedb.tests.movies.MovieRetrievalTests" name="searchByMovieTitleReturnsAllPartialTitleMatchingMovies" time="0.061"/>
</testsuite> <!-- com.moviedb.tests.movies.MovieRetrievalTests -->
