<?xml version="1.0" encoding="UTF-8"?>
<!-- Generated by org.testng.reporters.JUnitReportReporter -->
<testsuite hostname="LAPTOP-SBTGQ5S3" failures="0" tests="6" name="com.moviedb.tests.movies.MovieCrudTests" time="3.790" errors="0" timestamp="2026-03-07T09:05:54 EST" skipped="0">
  <testcase classname="com.moviedb.tests.movies.MovieCrudTests" name="shouldBeAbleToPatchUpdateAMovieTitleSuccessfully" time="0.412"/>
  <testcase classname="com.moviedb.tests.movies.MovieCrudTests" name="shouldBeAbleToUploadMoviePosterSuccessfully" time="0.315"/>
  <testcase classname="com.moviedb.tests.movies.MovieCrudTests" name="shouldBeAbleToCreateAMovie" time="0.791"/>
  <testcase classname="com.moviedb.tests.movies.MovieCrudTests" name="shouldBeAbleToDeleteAMovie" time="0.969"/>
  <testcase classname="com.moviedb.tests.movies.MovieCrudTests" name="shouldBeAbleToUpdateAMovie" time="0.192"/>
  <testcase classname="com.moviedb.tests.movies.MovieCrudTests" name="shouldBeAbleToCreateMultipleMoviesInASingleRequest" time="1.111"/>
</testsuite> <!-- com.moviedb.tests.movies.MovieCrudTests -->
