<?xml version="1.0" encoding="UTF-8"?>
<!-- Generated by org.testng.reporters.JUnitReportReporter -->
<testsuite hostname="LAPTOP-SBTGQ5S3" failures="0" tests="6" name="com.moviedb.tests.movies.MovieCrudTests" time="3.402" errors="0" timestamp="2026-03-07T18:38:22 EST" skipped="0">
  <testcase classname="com.moviedb.tests.movies.MovieCrudTests" name="shouldBeAbleToUploadMoviePosterSuccessfully" time="0.400"/>
  <testcase classname="com.moviedb.tests.movies.MovieCrudTests" name="shouldBeAbleToPatchUpdateAMovieTitleSuccessfully" time="0.226"/>
  <testcase classname="com.moviedb.tests.movies.MovieCrudTests" name="shouldBeAbleToUpdateAMovie" time="0.200"/>
  <testcase classname="com.moviedb.tests.movies.MovieCrudTests" name="shouldBeAbleToDeleteAMovie" time="0.841"/>
  <testcase classname="com.moviedb.tests.movies.MovieCrudTests" name="shouldBeAbleToCreateAMovie" time="0.799"/>
  <testcase classname="com.moviedb.tests.movies.MovieCrudTests" name="shouldBeAbleToCreateMultipleMoviesInASingleRequest" time="0.936"/>
</testsuite> <!-- com.moviedb.tests.movies.MovieCrudTests -->
